..\login-server.ilk
..\login-server.pdb
C:\USERS\ADMINISTRATOR\DESKTOP\XTREAM\LOGIN-SERVER.EXE
C:\USERS\ADMINISTRATOR\DESKTOP\XTREAM\LOGIN-SERVER.ILK
C:\USERS\ADMINISTRATOR\DESKTOP\XTREAM\LOGIN-SERVER.PDB
C:\Users\Administrator\Desktop\XTream\vcproj-10\..\login-server.exe
C:\USERS\ADMINISTRATOR\DESKTOP\XTREAM\VCPROJ-10\LOGIN-SERVER_TXT\DEBUG\ACCOUNT_TXT.OBJ
C:\Users\Administrator\Desktop\XTream\vcproj-10\login-server_txt\Debug\cl.command.1.tlog
C:\Users\Administrator\Desktop\XTream\vcproj-10\login-server_txt\Debug\CL.read.1.tlog
C:\Users\Administrator\Desktop\XTream\vcproj-10\login-server_txt\Debug\CL.write.1.tlog
C:\USERS\ADMINISTRATOR\DESKTOP\XTREAM\VCPROJ-10\LOGIN-SERVER_TXT\DEBUG\CORE.OBJ
C:\USERS\ADMINISTRATOR\DESKTOP\XTREAM\VCPROJ-10\LOGIN-SERVER_TXT\DEBUG\DB.OBJ
C:\USERS\ADMINISTRATOR\DESKTOP\XTREAM\VCPROJ-10\LOGIN-SERVER_TXT\DEBUG\ERS.OBJ
C:\USERS\ADMINISTRATOR\DESKTOP\XTREAM\VCPROJ-10\LOGIN-SERVER_TXT\DEBUG\IPBAN_TXT.OBJ
C:\Users\Administrator\Desktop\XTream\vcproj-10\login-server_txt\Debug\link.10116.read.1.tlog
C:\Users\Administrator\Desktop\XTream\vcproj-10\login-server_txt\Debug\link.10116.write.1.tlog
C:\Users\Administrator\Desktop\XTream\vcproj-10\login-server_txt\Debug\link.10116-cvtres.read.1.tlog
C:\Users\Administrator\Desktop\XTream\vcproj-10\login-server_txt\Debug\link.10116-cvtres.write.1.tlog
C:\Users\Administrator\Desktop\XTream\vcproj-10\login-server_txt\Debug\link.command.1.tlog
C:\Users\Administrator\Desktop\XTream\vcproj-10\login-server_txt\Debug\link.read.1.tlog
C:\Users\Administrator\Desktop\XTream\vcproj-10\login-server_txt\Debug\link.write.1.tlog
C:\Users\Administrator\Desktop\XTream\vcproj-10\login-server_txt\Debug\link-cvtres.read.1.tlog
C:\Users\Administrator\Desktop\XTream\vcproj-10\login-server_txt\Debug\link-cvtres.write.1.tlog
C:\USERS\ADMINISTRATOR\DESKTOP\XTREAM\VCPROJ-10\LOGIN-SERVER_TXT\DEBUG\LOCK.OBJ
C:\USERS\ADMINISTRATOR\DESKTOP\XTREAM\VCPROJ-10\LOGIN-SERVER_TXT\DEBUG\LOGIN.OBJ
C:\USERS\ADMINISTRATOR\DESKTOP\XTREAM\VCPROJ-10\LOGIN-SERVER_TXT\DEBUG\LOGINLOG_TXT.OBJ
C:\USERS\ADMINISTRATOR\DESKTOP\XTREAM\VCPROJ-10\LOGIN-SERVER_TXT\DEBUG\LOGIN-SERVER.EXE.EMBED.MANIFEST
C:\USERS\ADMINISTRATOR\DESKTOP\XTREAM\VCPROJ-10\LOGIN-SERVER_TXT\DEBUG\LOGIN-SERVER.EXE.EMBED.MANIFEST.RES
C:\USERS\ADMINISTRATOR\DESKTOP\XTREAM\VCPROJ-10\LOGIN-SERVER_TXT\DEBUG\LOGIN-SERVER.EXE.INTERMEDIATE.MANIFEST
C:\Users\Administrator\Desktop\XTream\vcproj-10\login-server_txt\Debug\login-server_manifest.rc
C:\USERS\ADMINISTRATOR\DESKTOP\XTREAM\VCPROJ-10\LOGIN-SERVER_TXT\DEBUG\MALLOC.OBJ
C:\USERS\ADMINISTRATOR\DESKTOP\XTREAM\VCPROJ-10\LOGIN-SERVER_TXT\DEBUG\MD5CALC.OBJ
C:\Users\Administrator\Desktop\XTream\vcproj-10\login-server_txt\Debug\mt.command.1.tlog
C:\Users\Administrator\Desktop\XTream\vcproj-10\login-server_txt\Debug\mt.read.1.tlog
C:\Users\Administrator\Desktop\XTream\vcproj-10\login-server_txt\Debug\mt.write.1.tlog
C:\USERS\ADMINISTRATOR\DESKTOP\XTREAM\VCPROJ-10\LOGIN-SERVER_TXT\DEBUG\NULLPO.OBJ
C:\USERS\ADMINISTRATOR\DESKTOP\XTREAM\VCPROJ-10\LOGIN-SERVER_TXT\DEBUG\PLUGINS.OBJ
C:\Users\Administrator\Desktop\XTream\vcproj-10\login-server_txt\Debug\rc.command.1.tlog
C:\Users\Administrator\Desktop\XTream\vcproj-10\login-server_txt\Debug\rc.read.1.tlog
C:\Users\Administrator\Desktop\XTream\vcproj-10\login-server_txt\Debug\rc.write.1.tlog
C:\USERS\ADMINISTRATOR\DESKTOP\XTREAM\VCPROJ-10\LOGIN-SERVER_TXT\DEBUG\SHOWMSG.OBJ
C:\USERS\ADMINISTRATOR\DESKTOP\XTREAM\VCPROJ-10\LOGIN-SERVER_TXT\DEBUG\SOCKET.OBJ
C:\USERS\ADMINISTRATOR\DESKTOP\XTREAM\VCPROJ-10\LOGIN-SERVER_TXT\DEBUG\STRLIB.OBJ
C:\USERS\ADMINISTRATOR\DESKTOP\XTREAM\VCPROJ-10\LOGIN-SERVER_TXT\DEBUG\TIMER.OBJ
C:\USERS\ADMINISTRATOR\DESKTOP\XTREAM\VCPROJ-10\LOGIN-SERVER_TXT\DEBUG\UTILS.OBJ
C:\Users\Administrator\Desktop\XTream\vcproj-10\login-server_txt\Debug\vc100.idb
C:\USERS\ADMINISTRATOR\DESKTOP\XTREAM\VCPROJ-10\LOGIN-SERVER_TXT\DEBUG\VC100.PDB
