D:\SERVER\MOCHARO\VCPROJ-10\MAP-SERVER_SQL\DEBUG\ATCOMMAND.OBJ
D:\SERVER\MOCHARO\VCPROJ-10\MAP-SERVER_SQL\DEBUG\BATTLE.OBJ
D:\SERVER\MOCHARO\VCPROJ-10\MAP-SERVER_SQL\DEBUG\BATTLEGROUND.OBJ
D:\SERVER\MOCHARO\VCPROJ-10\MAP-SERVER_SQL\DEBUG\BUYINGSTORE.OBJ
D:\SERVER\MOCHARO\VCPROJ-10\MAP-SERVER_SQL\DEBUG\CHAT.OBJ
D:\SERVER\MOCHARO\VCPROJ-10\MAP-SERVER_SQL\DEBUG\CHRIF.OBJ
D:\Server\mocharo\vcproj-10\map-server_sql\Debug\CL.1952.read.1.tlog
D:\Server\mocharo\vcproj-10\map-server_sql\Debug\CL.1952.write.1.tlog
D:\Server\mocharo\vcproj-10\map-server_sql\Debug\CL.5116.read.1.tlog
D:\Server\mocharo\vcproj-10\map-server_sql\Debug\CL.5116.write.1.tlog
D:\Server\mocharo\vcproj-10\map-server_sql\Debug\CL.5612.read.1.tlog
D:\Server\mocharo\vcproj-10\map-server_sql\Debug\CL.5612.write.1.tlog
D:\Server\mocharo\vcproj-10\map-server_sql\Debug\CL.5984.read.1.tlog
D:\Server\mocharo\vcproj-10\map-server_sql\Debug\CL.5984.write.1.tlog
D:\Server\mocharo\vcproj-10\map-server_sql\Debug\CL.6240.read.1.tlog
D:\Server\mocharo\vcproj-10\map-server_sql\Debug\CL.6240.write.1.tlog
D:\Server\mocharo\vcproj-10\map-server_sql\Debug\CL.6864.read.1.tlog
D:\Server\mocharo\vcproj-10\map-server_sql\Debug\CL.6864.write.1.tlog
D:\Server\mocharo\vcproj-10\map-server_sql\Debug\CL.7712.read.1.tlog
D:\Server\mocharo\vcproj-10\map-server_sql\Debug\CL.7712.write.1.tlog
D:\Server\mocharo\vcproj-10\map-server_sql\Debug\CL.8108.read.1.tlog
D:\Server\mocharo\vcproj-10\map-server_sql\Debug\CL.8108.write.1.tlog
D:\Server\mocharo\vcproj-10\map-server_sql\Debug\cl.command.1.tlog
D:\Server\mocharo\vcproj-10\map-server_sql\Debug\CL.read.1.tlog
D:\Server\mocharo\vcproj-10\map-server_sql\Debug\cl.write.1.tlog
D:\SERVER\MOCHARO\VCPROJ-10\MAP-SERVER_SQL\DEBUG\CLIF.OBJ
D:\SERVER\MOCHARO\VCPROJ-10\MAP-SERVER_SQL\DEBUG\CONF.OBJ
D:\SERVER\MOCHARO\VCPROJ-10\MAP-SERVER_SQL\DEBUG\CORE.OBJ
D:\SERVER\MOCHARO\VCPROJ-10\MAP-SERVER_SQL\DEBUG\DATE.OBJ
D:\SERVER\MOCHARO\VCPROJ-10\MAP-SERVER_SQL\DEBUG\DB.OBJ
D:\SERVER\MOCHARO\VCPROJ-10\MAP-SERVER_SQL\DEBUG\DES.OBJ
D:\SERVER\MOCHARO\VCPROJ-10\MAP-SERVER_SQL\DEBUG\DUEL.OBJ
D:\SERVER\MOCHARO\VCPROJ-10\MAP-SERVER_SQL\DEBUG\ELEMENTAL.OBJ
D:\SERVER\MOCHARO\VCPROJ-10\MAP-SERVER_SQL\DEBUG\ERS.OBJ
D:\SERVER\MOCHARO\VCPROJ-10\MAP-SERVER_SQL\DEBUG\GRAMMAR.OBJ
D:\SERVER\MOCHARO\VCPROJ-10\MAP-SERVER_SQL\DEBUG\GRFIO.OBJ
D:\SERVER\MOCHARO\VCPROJ-10\MAP-SERVER_SQL\DEBUG\GUILD.OBJ
D:\SERVER\MOCHARO\VCPROJ-10\MAP-SERVER_SQL\DEBUG\HOMUNCULUS.OBJ
D:\SERVER\MOCHARO\VCPROJ-10\MAP-SERVER_SQL\DEBUG\INSTANCE.OBJ
D:\SERVER\MOCHARO\VCPROJ-10\MAP-SERVER_SQL\DEBUG\INTIF.OBJ
D:\SERVER\MOCHARO\VCPROJ-10\MAP-SERVER_SQL\DEBUG\ITEMDB.OBJ
D:\SERVER\MOCHARO\VCPROJ-10\MAP-SERVER_SQL\DEBUG\LIBCONFIG.OBJ
D:\SERVER\MOCHARO\VCPROJ-10\MAP-SERVER_SQL\DEBUG\LOG.OBJ
D:\SERVER\MOCHARO\VCPROJ-10\MAP-SERVER_SQL\DEBUG\MAIL.OBJ
D:\SERVER\MOCHARO\VCPROJ-10\MAP-SERVER_SQL\DEBUG\MALLOC.OBJ
D:\SERVER\MOCHARO\VCPROJ-10\MAP-SERVER_SQL\DEBUG\MAP.OBJ
D:\SERVER\MOCHARO\VCPROJ-10\MAP-SERVER_SQL\DEBUG\MAPINDEX.OBJ
D:\SERVER\MOCHARO\VCPROJ-10\MAP-SERVER_SQL\DEBUG\MAPREG_SQL.OBJ
D:\SERVER\MOCHARO\VCPROJ-10\MAP-SERVER_SQL\DEBUG\MD5CALC.OBJ
D:\SERVER\MOCHARO\VCPROJ-10\MAP-SERVER_SQL\DEBUG\MEMPOOL.OBJ
D:\SERVER\MOCHARO\VCPROJ-10\MAP-SERVER_SQL\DEBUG\MERCENARY.OBJ
D:\SERVER\MOCHARO\VCPROJ-10\MAP-SERVER_SQL\DEBUG\MOB.OBJ
D:\SERVER\MOCHARO\VCPROJ-10\MAP-SERVER_SQL\DEBUG\MT19937AR.OBJ
D:\SERVER\MOCHARO\VCPROJ-10\MAP-SERVER_SQL\DEBUG\MUTEX.OBJ
D:\SERVER\MOCHARO\VCPROJ-10\MAP-SERVER_SQL\DEBUG\NPC.OBJ
D:\SERVER\MOCHARO\VCPROJ-10\MAP-SERVER_SQL\DEBUG\NPC_CHAT.OBJ
D:\SERVER\MOCHARO\VCPROJ-10\MAP-SERVER_SQL\DEBUG\NULLPO.OBJ
D:\SERVER\MOCHARO\VCPROJ-10\MAP-SERVER_SQL\DEBUG\PARTY.OBJ
D:\SERVER\MOCHARO\VCPROJ-10\MAP-SERVER_SQL\DEBUG\PATH.OBJ
D:\SERVER\MOCHARO\VCPROJ-10\MAP-SERVER_SQL\DEBUG\PC.OBJ
D:\SERVER\MOCHARO\VCPROJ-10\MAP-SERVER_SQL\DEBUG\PC_GROUPS.OBJ
D:\SERVER\MOCHARO\VCPROJ-10\MAP-SERVER_SQL\DEBUG\PET.OBJ
D:\SERVER\MOCHARO\VCPROJ-10\MAP-SERVER_SQL\DEBUG\QUEST.OBJ
D:\SERVER\MOCHARO\VCPROJ-10\MAP-SERVER_SQL\DEBUG\RACONF.OBJ
D:\SERVER\MOCHARO\VCPROJ-10\MAP-SERVER_SQL\DEBUG\RANDOM.OBJ
D:\SERVER\MOCHARO\VCPROJ-10\MAP-SERVER_SQL\DEBUG\SCANCTX.OBJ
D:\SERVER\MOCHARO\VCPROJ-10\MAP-SERVER_SQL\DEBUG\SCANNER.OBJ
D:\SERVER\MOCHARO\VCPROJ-10\MAP-SERVER_SQL\DEBUG\SEARCHSTORE.OBJ
D:\SERVER\MOCHARO\VCPROJ-10\MAP-SERVER_SQL\DEBUG\SHOWMSG.OBJ
D:\SERVER\MOCHARO\VCPROJ-10\MAP-SERVER_SQL\DEBUG\SKILL.OBJ
D:\SERVER\MOCHARO\VCPROJ-10\MAP-SERVER_SQL\DEBUG\SOCKET.OBJ
D:\SERVER\MOCHARO\VCPROJ-10\MAP-SERVER_SQL\DEBUG\SQL.OBJ
D:\SERVER\MOCHARO\VCPROJ-10\MAP-SERVER_SQL\DEBUG\STATUS.OBJ
D:\SERVER\MOCHARO\VCPROJ-10\MAP-SERVER_SQL\DEBUG\STORAGE.OBJ
D:\SERVER\MOCHARO\VCPROJ-10\MAP-SERVER_SQL\DEBUG\STRBUF.OBJ
D:\SERVER\MOCHARO\VCPROJ-10\MAP-SERVER_SQL\DEBUG\STRLIB.OBJ
D:\SERVER\MOCHARO\VCPROJ-10\MAP-SERVER_SQL\DEBUG\THREAD.OBJ
D:\SERVER\MOCHARO\VCPROJ-10\MAP-SERVER_SQL\DEBUG\TIMER.OBJ
D:\SERVER\MOCHARO\VCPROJ-10\MAP-SERVER_SQL\DEBUG\TRADE.OBJ
D:\SERVER\MOCHARO\VCPROJ-10\MAP-SERVER_SQL\DEBUG\UNIT.OBJ
D:\SERVER\MOCHARO\VCPROJ-10\MAP-SERVER_SQL\DEBUG\UTILS.OBJ
D:\Server\mocharo\vcproj-10\map-server_sql\Debug\vc100.idb
D:\Server\mocharo\vcproj-10\map-server_sql\Debug\vc100.pdb
D:\SERVER\MOCHARO\VCPROJ-10\MAP-SERVER_SQL\DEBUG\VENDING.OBJ
