Build started 19/03/2012 21:30:15.
     1>Project "C:\Users\Administrator\Desktop\MyWay\vcproj-10\login-server_sql.vcxproj" on node 2 (rebuild target(s)).
     1>_PrepareForClean:
         Deleting file "login-server_sql\Debug\login-server_sql.lastbuildstate".
     1>C:\Program Files (x86)\MSBuild\Microsoft.Cpp\v4.0\Microsoft.CppClean.targets(74,5): warning : Access to the path 'C:\Users\Administrator\Desktop\MyWay\login-server_sql.exe' is denied.
       InitializeBuildStatus:
         Touching "login-server_sql\Debug\login-server_sql.unsuccessfulbuild".
       ClCompile:
         C:\Program Files (x86)\Microsoft Visual Studio 10.0\VC\bin\CL.exe /c /I..\3rdparty\mysql\include /I..\3rdparty\msinttypes\include /ZI /nologo /W3 /WX- /Od /Oy- /D WIN32 /D _WIN32 /D __WIN32 /D _DEBUG /D _CRT_SECURE_NO_DEPRECATE /D _CRT_NONSTDC_NO_DEPRECATE /D FD_SETSIZE=4096 /D DB_MANUAL_CAST_TO_UNION /D WITH_SQL /D _VC80_UPGRADE=0x0710 /D _MBCS /Gm /RTC1 /MTd /GS /Gy /fp:precise /Zc:wchar_t /Zc:forScope /Fo"login-server_sql\Debug\\" /Fd"login-server_sql\Debug\vc100.pdb" /Gd /TC /wd4100 /wd4800 /analyze- /errorReport:prompt ..\src\login\account_sql.c ..\src\login\ipban_sql.c ..\src\login\login.c ..\src\login\loginlog_sql.c ..\src\common\core.c ..\src\common\db.c ..\src\common\ers.c ..\src\common\lock.c ..\src\common\malloc.c ..\src\common\md5calc.c ..\src\common\nullpo.c ..\src\common\plugins.c ..\src\common\showmsg.c ..\src\common\socket.c ..\src\common\sql.c ..\src\common\strlib.c ..\src\common\timer.c ..\src\common\utils.c
         utils.c
         timer.c
         strlib.c
         sql.c
         socket.c
         showmsg.c
         plugins.c
     1>c:\users\administrator\desktop\myway\src\common\version.h : warning C4819: The file contains a character that cannot be represented in the current code page (874). Save the file in Unicode format to prevent data loss
         nullpo.c
     1>c:\users\administrator\desktop\myway\src\common\nullpo.c : warning C4819: The file contains a character that cannot be represented in the current code page (874). Save the file in Unicode format to prevent data loss
     1>c:\users\administrator\desktop\myway\src\common\nullpo.h : warning C4819: The file contains a character that cannot be represented in the current code page (874). Save the file in Unicode format to prevent data loss
         md5calc.c
         malloc.c
     1>c:\users\administrator\desktop\myway\src\common\malloc.c : warning C4819: The file contains a character that cannot be represented in the current code page (874). Save the file in Unicode format to prevent data loss
         lock.c
     1>c:\users\administrator\desktop\myway\src\common\lock.c : warning C4819: The file contains a character that cannot be represented in the current code page (874). Save the file in Unicode format to prevent data loss
         ers.c
         db.c
     1>c:\users\administrator\desktop\myway\src\common\db.c(1934): warning C4819: The file contains a character that cannot be represented in the current code page (874). Save the file in Unicode format to prevent data loss
         core.c
     1>c:\users\administrator\desktop\myway\src\common\version.h : warning C4819: The file contains a character that cannot be represented in the current code page (874). Save the file in Unicode format to prevent data loss
         loginlog_sql.c
         login.c
     1>c:\users\administrator\desktop\myway\src\common\version.h : warning C4819: The file contains a character that cannot be represented in the current code page (874). Save the file in Unicode format to prevent data loss
         ipban_sql.c
         account_sql.c
         Generating Code...
       ManifestResourceCompile:
         C:\Program Files (x86)\Microsoft SDKs\Windows\v7.0A\bin\rc.exe /nologo /fo"login-server_sql\Debug\login-server_sql.exe.embed.manifest.res" login-server_sql\Debug\login-server_sql_manifest.rc 
       Link:
         C:\Program Files (x86)\Microsoft Visual Studio 10.0\VC\bin\link.exe /ERRORREPORT:PROMPT /OUT:"..\login-server_sql.exe" /INCREMENTAL /NOLOGO /LIBPATH:..\3rdparty\mysql\lib libcmtd.lib oldnames.lib ws2_32.lib libmysql.lib kernel32.lib user32.lib gdi32.lib winspool.lib comdlg32.lib advapi32.lib shell32.lib ole32.lib oleaut32.lib uuid.lib odbc32.lib odbccp32.lib /NODEFAULTLIB /MANIFEST /ManifestFile:"login-server_sql\Debug\login-server_sql.exe.intermediate.manifest" /MANIFESTUAC:"level='asInvoker' uiAccess='false'" /DEBUG /PDB:"..\login-server_sql.pdb" /SUBSYSTEM:CONSOLE /TLBID:1 /DYNAMICBASE:NO /IMPLIB:"..\login-server_sql.lib" /MACHINE:X86 "login-server_sql\Debug\login-server_sql.exe.embed.manifest.res"
         "login-server_sql\Debug\account_sql.obj"
         "login-server_sql\Debug\ipban_sql.obj"
         "login-server_sql\Debug\login.obj"
         "login-server_sql\Debug\loginlog_sql.obj"
         "login-server_sql\Debug\core.obj"
         "login-server_sql\Debug\db.obj"
         "login-server_sql\Debug\ers.obj"
         "login-server_sql\Debug\lock.obj"
         "login-server_sql\Debug\malloc.obj"
         "login-server_sql\Debug\md5calc.obj"
         "login-server_sql\Debug\nullpo.obj"
         "login-server_sql\Debug\plugins.obj"
         "login-server_sql\Debug\showmsg.obj"
         "login-server_sql\Debug\socket.obj"
         "login-server_sql\Debug\sql.obj"
         "login-server_sql\Debug\strlib.obj"
         "login-server_sql\Debug\timer.obj"
         "login-server_sql\Debug\utils.obj"
     1>LINK : fatal error LNK1104: cannot open file '..\login-server_sql.exe'
     1>Done Building Project "C:\Users\Administrator\Desktop\MyWay\vcproj-10\login-server_sql.vcxproj" (rebuild target(s)) -- FAILED.

Build FAILED.

Time Elapsed 00:00:06.00
