Build started 19/03/2012 21:30:47.
     1>Project "C:\Users\Administrator\Desktop\MyWay\vcproj-10\map-server_txt.vcxproj" on node 3 (rebuild target(s)).
     1>_PrepareForClean:
         Deleting file "map-server_txt\Debug\map-server_txt.lastbuildstate".
       InitializeBuildStatus:
         Touching "map-server_txt\Debug\map-server_txt.unsuccessfulbuild".
       ClCompile:
         C:\Program Files (x86)\Microsoft Visual Studio 10.0\VC\bin\CL.exe /c /I..\3rdparty\zlib\include /I..\3rdparty\pcre\include /I..\3rdparty\msinttypes\include /ZI /nologo /W3 /WX- /Od /Oy- /D WIN32 /D _WIN32 /D __WIN32 /D _DEBUG /D PCRE_SUPPORT /D TXT_ONLY /D _CRT_SECURE_NO_DEPRECATE /D _CRT_NONSTDC_NO_DEPRECATE /D FD_SETSIZE=4096 /D DB_MANUAL_CAST_TO_UNION /D _MBCS /Gm /RTC1 /MTd /GS /Gy /fp:precise /Zc:wchar_t /Zc:forScope /Fo"map-server_txt\Debug\\" /Fd"map-server_txt\Debug\vc100.pdb" /Gd /TC /wd4018 /wd4100 /wd4800 /analyze- /errorReport:prompt ..\src\map\atcommand.c ..\src\map\battle.c ..\src\map\battleground.c ..\src\map\buyingstore.c ..\src\map\chat.c ..\src\map\chrif.c ..\src\map\clif.c ..\src\map\date.c ..\src\map\duel.c ..\src\map\elemental.c ..\src\map\guild.c ..\src\map\homunculus.c ..\src\map\instance.c ..\src\map\intif.c ..\src\map\itemdb.c ..\src\map\log.c ..\src\map\mail.c ..\src\map\map.c ..\src\map\mapreg_txt.c ..\src\map\mercenary.c ..\src\map\mob.c ..\src\map\npc.c ..\src\map\npc_chat.c ..\src\map\party.c ..\src\map\path.c ..\src\map\pc.c ..\src\map\pet.c ..\src\map\quest.c ..\src\map\script.c ..\src\map\searchstore.c ..\src\map\skill.c ..\src\map\status.c ..\src\map\storage.c ..\src\map\trade.c ..\src\map\unit.c ..\src\map\vending.c ..\src\common\core.c ..\src\common\db.c ..\src\common\ers.c ..\src\common\grfio.c ..\src\common\lock.c ..\src\common\malloc.c ..\src\common\md5calc.c ..\src\common\mapindex.c ..\src\common\nullpo.c ..\src\common\plugins.c ..\src\common\showmsg.c ..\src\common\socket.c ..\src\common\strlib.c ..\src\common\timer.c ..\src\common\utils.c
         utils.c
         timer.c
         strlib.c
         socket.c
         showmsg.c
         plugins.c
     1>c:\users\administrator\desktop\myway\src\common\version.h : warning C4819: The file contains a character that cannot be represented in the current code page (874). Save the file in Unicode format to prevent data loss
         nullpo.c
     1>c:\users\administrator\desktop\myway\src\common\nullpo.c : warning C4819: The file contains a character that cannot be represented in the current code page (874). Save the file in Unicode format to prevent data loss
     1>c:\users\administrator\desktop\myway\src\common\nullpo.h : warning C4819: The file contains a character that cannot be represented in the current code page (874). Save the file in Unicode format to prevent data loss
         mapindex.c
         md5calc.c
         malloc.c
     1>c:\users\administrator\desktop\myway\src\common\malloc.c : warning C4819: The file contains a character that cannot be represented in the current code page (874). Save the file in Unicode format to prevent data loss
         lock.c
     1>c:\users\administrator\desktop\myway\src\common\lock.c : warning C4819: The file contains a character that cannot be represented in the current code page (874). Save the file in Unicode format to prevent data loss
         grfio.c
         ers.c
         db.c
     1>c:\users\administrator\desktop\myway\src\common\db.c(1934): warning C4819: The file contains a character that cannot be represented in the current code page (874). Save the file in Unicode format to prevent data loss
         core.c
     1>c:\users\administrator\desktop\myway\src\common\version.h : warning C4819: The file contains a character that cannot be represented in the current code page (874). Save the file in Unicode format to prevent data loss
         vending.c
     1>c:\users\administrator\desktop\myway\src\common\nullpo.h : warning C4819: The file contains a character that cannot be represented in the current code page (874). Save the file in Unicode format to prevent data loss
     1>c:\users\administrator\desktop\myway\src\map\battle.h : warning C4819: The file contains a character that cannot be represented in the current code page (874). Save the file in Unicode format to prevent data loss
     1>c:\users\administrator\desktop\myway\src\map\unit.h : warning C4819: The file contains a character that cannot be represented in the current code page (874). Save the file in Unicode format to prevent data loss
     1>c:\users\administrator\desktop\myway\src\map\unit.h : warning C4819: The file contains a character that cannot be represented in the current code page (874). Save the file in Unicode format to prevent data loss
     1>c:\users\administrator\desktop\myway\src\map\battle.h : warning C4819: The file contains a character that cannot be represented in the current code page (874). Save the file in Unicode format to prevent data loss
         unit.c
     1>c:\users\administrator\desktop\myway\src\map\unit.c : warning C4819: The file contains a character that cannot be represented in the current code page (874). Save the file in Unicode format to prevent data loss
     1>c:\users\administrator\desktop\myway\src\common\nullpo.h : warning C4819: The file contains a character that cannot be represented in the current code page (874). Save the file in Unicode format to prevent data loss
     1>c:\users\administrator\desktop\myway\src\map\unit.h : warning C4819: The file contains a character that cannot be represented in the current code page (874). Save the file in Unicode format to prevent data loss
     1>c:\users\administrator\desktop\myway\src\map\battle.h : warning C4819: The file contains a character that cannot be represented in the current code page (874). Save the file in Unicode format to prevent data loss
     1>c:\users\administrator\desktop\myway\src\map\unit.h : warning C4819: The file contains a character that cannot be represented in the current code page (874). Save the file in Unicode format to prevent data loss
     1>c:\users\administrator\desktop\myway\src\map\unit.h : warning C4819: The file contains a character that cannot be represented in the current code page (874). Save the file in Unicode format to prevent data loss
     1>c:\users\administrator\desktop\myway\src\map\unit.h : warning C4819: The file contains a character that cannot be represented in the current code page (874). Save the file in Unicode format to prevent data loss
     1>c:\users\administrator\desktop\myway\src\map\unit.h : warning C4819: The file contains a character that cannot be represented in the current code page (874). Save the file in Unicode format to prevent data loss
     1>c:\users\administrator\desktop\myway\src\map\unit.h : warning C4819: The file contains a character that cannot be represented in the current code page (874). Save the file in Unicode format to prevent data loss
     1>c:\users\administrator\desktop\myway\src\map\unit.h : warning C4819: The file contains a character that cannot be represented in the current code page (874). Save the file in Unicode format to prevent data loss
     1>c:\users\administrator\desktop\myway\src\map\battle.h : warning C4819: The file contains a character that cannot be represented in the current code page (874). Save the file in Unicode format to prevent data loss
     1>c:\users\administrator\desktop\myway\src\map\unit.c(985): warning C4819: The file contains a character that cannot be represented in the current code page (874). Save the file in Unicode format to prevent data loss
         trade.c
     1>c:\users\administrator\desktop\myway\src\common\nullpo.h : warning C4819: The file contains a character that cannot be represented in the current code page (874). Save the file in Unicode format to prevent data loss
     1>c:\users\administrator\desktop\myway\src\map\battle.h : warning C4819: The file contains a character that cannot be represented in the current code page (874). Save the file in Unicode format to prevent data loss
     1>c:\users\administrator\desktop\myway\src\map\unit.h : warning C4819: The file contains a character that cannot be represented in the current code page (874). Save the file in Unicode format to prevent data loss
     1>c:\users\administrator\desktop\myway\src\map\unit.h : warning C4819: The file contains a character that cannot be represented in the current code page (874). Save the file in Unicode format to prevent data loss
     1>c:\users\administrator\desktop\myway\src\map\unit.h : warning C4819: The file contains a character that cannot be represented in the current code page (874). Save the file in Unicode format to prevent data loss
     1>c:\users\administrator\desktop\myway\src\map\battle.h : warning C4819: The file contains a character that cannot be represented in the current code page (874). Save the file in Unicode format to prevent data loss
         storage.c
     1>c:\users\administrator\desktop\myway\src\common\nullpo.h : warning C4819: The file contains a character that cannot be represented in the current code page (874). Save the file in Unicode format to prevent data loss
     1>c:\users\administrator\desktop\myway\src\map\battle.h : warning C4819: The file contains a character that cannot be represented in the current code page (874). Save the file in Unicode format to prevent data loss
     1>c:\users\administrator\desktop\myway\src\map\unit.h : warning C4819: The file contains a character that cannot be represented in the current code page (874). Save the file in Unicode format to prevent data loss
     1>c:\users\administrator\desktop\myway\src\map\unit.h : warning C4819: The file contains a character that cannot be represented in the current code page (874). Save the file in Unicode format to prevent data loss
     1>c:\users\administrator\desktop\myway\src\map\battle.h : warning C4819: The file contains a character that cannot be represented in the current code page (874). Save the file in Unicode format to prevent data loss
         status.c
     1>c:\users\administrator\desktop\myway\src\common\nullpo.h : warning C4819: The file contains a character that cannot be represented in the current code page (874). Save the file in Unicode format to prevent data loss
     1>c:\users\administrator\desktop\myway\src\map\battle.h : warning C4819: The file contains a character that cannot be represented in the current code page (874). Save the file in Unicode format to prevent data loss
     1>c:\users\administrator\desktop\myway\src\map\unit.h : warning C4819: The file contains a character that cannot be represented in the current code page (874). Save the file in Unicode format to prevent data loss
     1>c:\users\administrator\desktop\myway\src\map\unit.h : warning C4819: The file contains a character that cannot be represented in the current code page (874). Save the file in Unicode format to prevent data loss
     1>c:\users\administrator\desktop\myway\src\map\unit.h : warning C4819: The file contains a character that cannot be represented in the current code page (874). Save the file in Unicode format to prevent data loss
     1>c:\users\administrator\desktop\myway\src\map\battle.h : warning C4819: The file contains a character that cannot be represented in the current code page (874). Save the file in Unicode format to prevent data loss
     1>c:\users\administrator\desktop\myway\src\map\unit.h : warning C4819: The file contains a character that cannot be represented in the current code page (874). Save the file in Unicode format to prevent data loss
     1>c:\users\administrator\desktop\myway\src\map\unit.h : warning C4819: The file contains a character that cannot be represented in the current code page (874). Save the file in Unicode format to prevent data loss
     1>c:\users\administrator\desktop\myway\src\map\unit.h : warning C4819: The file contains a character that cannot be represented in the current code page (874). Save the file in Unicode format to prevent data loss
     1>c:\users\administrator\desktop\myway\src\map\unit.h : warning C4819: The file contains a character that cannot be represented in the current code page (874). Save the file in Unicode format to prevent data loss
     1>c:\users\administrator\desktop\myway\src\map\status.c(5065): warning C4819: The file contains a character that cannot be represented in the current code page (874). Save the file in Unicode format to prevent data loss
         Generating Code...
         Compiling...
         skill.c
     1>c:\users\administrator\desktop\myway\src\common\nullpo.h : warning C4819: The file contains a character that cannot be represented in the current code page (874). Save the file in Unicode format to prevent data loss
     1>c:\users\administrator\desktop\myway\src\map\battle.h : warning C4819: The file contains a character that cannot be represented in the current code page (874). Save the file in Unicode format to prevent data loss
     1>c:\users\administrator\desktop\myway\src\map\unit.h : warning C4819: The file contains a character that cannot be represented in the current code page (874). Save the file in Unicode format to prevent data loss
     1>c:\users\administrator\desktop\myway\src\map\unit.h : warning C4819: The file contains a character that cannot be represented in the current code page (874). Save the file in Unicode format to prevent data loss
     1>c:\users\administrator\desktop\myway\src\map\unit.h : warning C4819: The file contains a character that cannot be represented in the current code page (874). Save the file in Unicode format to prevent data loss
     1>c:\users\administrator\desktop\myway\src\map\unit.h : warning C4819: The file contains a character that cannot be represented in the current code page (874). Save the file in Unicode format to prevent data loss
     1>c:\users\administrator\desktop\myway\src\map\unit.h : warning C4819: The file contains a character that cannot be represented in the current code page (874). Save the file in Unicode format to prevent data loss
     1>c:\users\administrator\desktop\myway\src\map\unit.h : warning C4819: The file contains a character that cannot be represented in the current code page (874). Save the file in Unicode format to prevent data loss
     1>c:\users\administrator\desktop\myway\src\map\battle.h : warning C4819: The file contains a character that cannot be represented in the current code page (874). Save the file in Unicode format to prevent data loss
     1>c:\users\administrator\desktop\myway\src\map\unit.h : warning C4819: The file contains a character that cannot be represented in the current code page (874). Save the file in Unicode format to prevent data loss
     1>c:\users\administrator\desktop\myway\src\map\skill.c(4350): warning C4047: 'function' : 'map_session_data *' differs in levels of indirection from 'int'
     1>c:\users\administrator\desktop\myway\src\map\skill.c(4350): warning C4024: 'skill_get_cooldown' : different types for formal and actual parameter 1
         searchstore.c
     1>c:\users\administrator\desktop\myway\src\map\battle.h : warning C4819: The file contains a character that cannot be represented in the current code page (874). Save the file in Unicode format to prevent data loss
     1>c:\users\administrator\desktop\myway\src\map\battle.h : warning C4819: The file contains a character that cannot be represented in the current code page (874). Save the file in Unicode format to prevent data loss
     1>c:\users\administrator\desktop\myway\src\map\unit.h : warning C4819: The file contains a character that cannot be represented in the current code page (874). Save the file in Unicode format to prevent data loss
     1>c:\users\administrator\desktop\myway\src\map\unit.h : warning C4819: The file contains a character that cannot be represented in the current code page (874). Save the file in Unicode format to prevent data loss
         script.c
     1>c:\users\administrator\desktop\myway\src\map\script.c : warning C4819: The file contains a character that cannot be represented in the current code page (874). Save the file in Unicode format to prevent data loss
     1>c:\users\administrator\desktop\myway\src\common\nullpo.h : warning C4819: The file contains a character that cannot be represented in the current code page (874). Save the file in Unicode format to prevent data loss
     1>c:\users\administrator\desktop\myway\src\map\battle.h : warning C4819: The file contains a character that cannot be represented in the current code page (874). Save the file in Unicode format to prevent data loss
     1>c:\users\administrator\desktop\myway\src\map\unit.h : warning C4819: The file contains a character that cannot be represented in the current code page (874). Save the file in Unicode format to prevent data loss
     1>c:\users\administrator\desktop\myway\src\map\unit.h : warning C4819: The file contains a character that cannot be represented in the current code page (874). Save the file in Unicode format to prevent data loss
     1>c:\users\administrator\desktop\myway\src\map\unit.h : warning C4819: The file contains a character that cannot be represented in the current code page (874). Save the file in Unicode format to prevent data loss
     1>c:\users\administrator\desktop\myway\src\map\unit.h : warning C4819: The file contains a character that cannot be represented in the current code page (874). Save the file in Unicode format to prevent data loss
     1>c:\users\administrator\desktop\myway\src\map\unit.h : warning C4819: The file contains a character that cannot be represented in the current code page (874). Save the file in Unicode format to prevent data loss
     1>c:\users\administrator\desktop\myway\src\map\battle.h : warning C4819: The file contains a character that cannot be represented in the current code page (874). Save the file in Unicode format to prevent data loss
     1>c:\users\administrator\desktop\myway\src\map\unit.h : warning C4819: The file contains a character that cannot be represented in the current code page (874). Save the file in Unicode format to prevent data loss
     1>c:\users\administrator\desktop\myway\src\map\script.c(1000): warning C4819: The file contains a character that cannot be represented in the current code page (874). Save the file in Unicode format to prevent data loss
     1>c:\users\administrator\desktop\myway\src\map\script.c(1980): warning C4819: The file contains a character that cannot be represented in the current code page (874). Save the file in Unicode format to prevent data loss
     1>c:\users\administrator\desktop\myway\src\map\script.c(7825): warning C4819: The file contains a character that cannot be represented in the current code page (874). Save the file in Unicode format to prevent data loss
     1>c:\users\administrator\desktop\myway\src\map\script.c(8985): warning C4819: The file contains a character that cannot be represented in the current code page (874). Save the file in Unicode format to prevent data loss
     1>c:\users\administrator\desktop\myway\src\map\script.c(9989): warning C4819: The file contains a character that cannot be represented in the current code page (874). Save the file in Unicode format to prevent data loss
     1>c:\users\administrator\desktop\myway\src\map\script.c(11095): warning C4819: The file contains a character that cannot be represented in the current code page (874). Save the file in Unicode format to prevent data loss
     1>c:\users\administrator\desktop\myway\src\map\script.c(16143): warning C4013: 'intif_Mail_send' undefined; assuming extern returning int
         quest.c
     1>c:\users\administrator\desktop\myway\src\common\version.h : warning C4819: The file contains a character that cannot be represented in the current code page (874). Save the file in Unicode format to prevent data loss
     1>c:\users\administrator\desktop\myway\src\common\nullpo.h : warning C4819: The file contains a character that cannot be represented in the current code page (874). Save the file in Unicode format to prevent data loss
     1>c:\users\administrator\desktop\myway\src\map\battle.h : warning C4819: The file contains a character that cannot be represented in the current code page (874). Save the file in Unicode format to prevent data loss
     1>c:\users\administrator\desktop\myway\src\map\unit.h : warning C4819: The file contains a character that cannot be represented in the current code page (874). Save the file in Unicode format to prevent data loss
     1>c:\users\administrator\desktop\myway\src\map\unit.h : warning C4819: The file contains a character that cannot be represented in the current code page (874). Save the file in Unicode format to prevent data loss
     1>c:\users\administrator\desktop\myway\src\map\unit.h : warning C4819: The file contains a character that cannot be represented in the current code page (874). Save the file in Unicode format to prevent data loss
     1>c:\users\administrator\desktop\myway\src\map\battle.h : warning C4819: The file contains a character that cannot be represented in the current code page (874). Save the file in Unicode format to prevent data loss
     1>c:\users\administrator\desktop\myway\src\map\unit.h : warning C4819: The file contains a character that cannot be represented in the current code page (874). Save the file in Unicode format to prevent data loss
         pet.c
     1>c:\users\administrator\desktop\myway\src\common\nullpo.h : warning C4819: The file contains a character that cannot be represented in the current code page (874). Save the file in Unicode format to prevent data loss
     1>c:\users\administrator\desktop\myway\src\map\battle.h : warning C4819: The file contains a character that cannot be represented in the current code page (874). Save the file in Unicode format to prevent data loss
     1>c:\users\administrator\desktop\myway\src\map\unit.h : warning C4819: The file contains a character that cannot be represented in the current code page (874). Save the file in Unicode format to prevent data loss
     1>c:\users\administrator\desktop\myway\src\map\unit.h : warning C4819: The file contains a character that cannot be represented in the current code page (874). Save the file in Unicode format to prevent data loss
     1>c:\users\administrator\desktop\myway\src\map\battle.h : warning C4819: The file contains a character that cannot be represented in the current code page (874). Save the file in Unicode format to prevent data loss
     1>c:\users\administrator\desktop\myway\src\map\unit.h : warning C4819: The file contains a character that cannot be represented in the current code page (874). Save the file in Unicode format to prevent data loss
     1>c:\users\administrator\desktop\myway\src\map\unit.h : warning C4819: The file contains a character that cannot be represented in the current code page (874). Save the file in Unicode format to prevent data loss
     1>c:\users\administrator\desktop\myway\src\map\pet.c(1049): warning C4819: The file contains a character that cannot be represented in the current code page (874). Save the file in Unicode format to prevent data loss
         pc.c
     1>c:\users\administrator\desktop\myway\src\common\nullpo.h : warning C4819: The file contains a character that cannot be represented in the current code page (874). Save the file in Unicode format to prevent data loss
     1>c:\users\administrator\desktop\myway\src\map\battle.h : warning C4819: The file contains a character that cannot be represented in the current code page (874). Save the file in Unicode format to prevent data loss
     1>c:\users\administrator\desktop\myway\src\map\unit.h : warning C4819: The file contains a character that cannot be represented in the current code page (874). Save the file in Unicode format to prevent data loss
     1>c:\users\administrator\desktop\myway\src\map\unit.h : warning C4819: The file contains a character that cannot be represented in the current code page (874). Save the file in Unicode format to prevent data loss
     1>c:\users\administrator\desktop\myway\src\map\unit.h : warning C4819: The file contains a character that cannot be represented in the current code page (874). Save the file in Unicode format to prevent data loss
     1>c:\users\administrator\desktop\myway\src\map\unit.h : warning C4819: The file contains a character that cannot be represented in the current code page (874). Save the file in Unicode format to prevent data loss
     1>c:\users\administrator\desktop\myway\src\map\battle.h : warning C4819: The file contains a character that cannot be represented in the current code page (874). Save the file in Unicode format to prevent data loss
     1>c:\users\administrator\desktop\myway\src\map\unit.h : warning C4819: The file contains a character that cannot be represented in the current code page (874). Save the file in Unicode format to prevent data loss
     1>c:\users\administrator\desktop\myway\src\map\unit.h : warning C4819: The file contains a character that cannot be represented in the current code page (874). Save the file in Unicode format to prevent data loss
     1>c:\users\administrator\desktop\myway\src\map\pc.c(1021): warning C4819: The file contains a character that cannot be represented in the current code page (874). Save the file in Unicode format to prevent data loss
     1>c:\users\administrator\desktop\myway\src\map\pc.c(1881): warning C4819: The file contains a character that cannot be represented in the current code page (874). Save the file in Unicode format to prevent data loss
     1>c:\users\administrator\desktop\myway\src\map\pc.c(3762): warning C4819: The file contains a character that cannot be represented in the current code page (874). Save the file in Unicode format to prevent data loss
     1>c:\users\administrator\desktop\myway\src\map\pc.c(6493): warning C4819: The file contains a character that cannot be represented in the current code page (874). Save the file in Unicode format to prevent data loss
     1>c:\users\administrator\desktop\myway\src\map\pc.c(7428): warning C4819: The file contains a character that cannot be represented in the current code page (874). Save the file in Unicode format to prevent data loss
     1>c:\users\administrator\desktop\myway\src\map\pc.c(8426): warning C4819: The file contains a character that cannot be represented in the current code page (874). Save the file in Unicode format to prevent data loss
         path.c
     1>c:\users\administrator\desktop\myway\src\common\nullpo.h : warning C4819: The file contains a character that cannot be represented in the current code page (874). Save the file in Unicode format to prevent data loss
     1>c:\users\administrator\desktop\myway\src\map\battle.h : warning C4819: The file contains a character that cannot be represented in the current code page (874). Save the file in Unicode format to prevent data loss
         party.c
     1>c:\users\administrator\desktop\myway\src\common\nullpo.h : warning C4819: The file contains a character that cannot be represented in the current code page (874). Save the file in Unicode format to prevent data loss
     1>c:\users\administrator\desktop\myway\src\map\battle.h : warning C4819: The file contains a character that cannot be represented in the current code page (874). Save the file in Unicode format to prevent data loss
     1>c:\users\administrator\desktop\myway\src\map\unit.h : warning C4819: The file contains a character that cannot be represented in the current code page (874). Save the file in Unicode format to prevent data loss
     1>c:\users\administrator\desktop\myway\src\map\unit.h : warning C4819: The file contains a character that cannot be represented in the current code page (874). Save the file in Unicode format to prevent data loss
     1>c:\users\administrator\desktop\myway\src\map\battle.h : warning C4819: The file contains a character that cannot be represented in the current code page (874). Save the file in Unicode format to prevent data loss
         npc_chat.c
     1>c:\users\administrator\desktop\myway\src\common\nullpo.h : warning C4819: The file contains a character that cannot be represented in the current code page (874). Save the file in Unicode format to prevent data loss
     1>c:\users\administrator\desktop\myway\src\map\unit.h : warning C4819: The file contains a character that cannot be represented in the current code page (874). Save the file in Unicode format to prevent data loss
     1>c:\users\administrator\desktop\myway\src\map\unit.h : warning C4819: The file contains a character that cannot be represented in the current code page (874). Save the file in Unicode format to prevent data loss
     1>c:\users\administrator\desktop\myway\src\map\battle.h : warning C4819: The file contains a character that cannot be represented in the current code page (874). Save the file in Unicode format to prevent data loss
     1>c:\users\administrator\desktop\myway\src\map\unit.h : warning C4819: The file contains a character that cannot be represented in the current code page (874). Save the file in Unicode format to prevent data loss
         npc.c
     1>c:\users\administrator\desktop\myway\src\map\npc.c : warning C4819: The file contains a character that cannot be represented in the current code page (874). Save the file in Unicode format to prevent data loss
     1>c:\users\administrator\desktop\myway\src\common\nullpo.h : warning C4819: The file contains a character that cannot be represented in the current code page (874). Save the file in Unicode format to prevent data loss
     1>c:\users\administrator\desktop\myway\src\map\battle.h : warning C4819: The file contains a character that cannot be represented in the current code page (874). Save the file in Unicode format to prevent data loss
     1>c:\users\administrator\desktop\myway\src\map\unit.h : warning C4819: The file contains a character that cannot be represented in the current code page (874). Save the file in Unicode format to prevent data loss
     1>c:\users\administrator\desktop\myway\src\map\unit.h : warning C4819: The file contains a character that cannot be represented in the current code page (874). Save the file in Unicode format to prevent data loss
     1>c:\users\administrator\desktop\myway\src\map\battle.h : warning C4819: The file contains a character that cannot be represented in the current code page (874). Save the file in Unicode format to prevent data loss
     1>c:\users\administrator\desktop\myway\src\map\unit.h : warning C4819: The file contains a character that cannot be represented in the current code page (874). Save the file in Unicode format to prevent data loss
     1>c:\users\administrator\desktop\myway\src\map\unit.h : warning C4819: The file contains a character that cannot be represented in the current code page (874). Save the file in Unicode format to prevent data loss
     1>c:\users\administrator\desktop\myway\src\map\npc.c(2058): warning C4819: The file contains a character that cannot be represented in the current code page (874). Save the file in Unicode format to prevent data loss
         mob.c
     1>c:\users\administrator\desktop\myway\src\common\nullpo.h : warning C4819: The file contains a character that cannot be represented in the current code page (874). Save the file in Unicode format to prevent data loss
     1>c:\users\administrator\desktop\myway\src\map\battle.h : warning C4819: The file contains a character that cannot be represented in the current code page (874). Save the file in Unicode format to prevent data loss
     1>c:\users\administrator\desktop\myway\src\map\unit.h : warning C4819: The file contains a character that cannot be represented in the current code page (874). Save the file in Unicode format to prevent data loss
     1>c:\users\administrator\desktop\myway\src\map\unit.h : warning C4819: The file contains a character that cannot be represented in the current code page (874). Save the file in Unicode format to prevent data loss
     1>c:\users\administrator\desktop\myway\src\map\unit.h : warning C4819: The file contains a character that cannot be represented in the current code page (874). Save the file in Unicode format to prevent data loss
     1>c:\users\administrator\desktop\myway\src\map\unit.h : warning C4819: The file contains a character that cannot be represented in the current code page (874). Save the file in Unicode format to prevent data loss
     1>c:\users\administrator\desktop\myway\src\map\unit.h : warning C4819: The file contains a character that cannot be represented in the current code page (874). Save the file in Unicode format to prevent data loss
     1>c:\users\administrator\desktop\myway\src\map\battle.h : warning C4819: The file contains a character that cannot be represented in the current code page (874). Save the file in Unicode format to prevent data loss
     1>c:\users\administrator\desktop\myway\src\map\unit.h : warning C4819: The file contains a character that cannot be represented in the current code page (874). Save the file in Unicode format to prevent data loss
     1>c:\users\administrator\desktop\myway\src\map\mob.c(2304): warning C4244: '=' : conversion from 'double' to 'int', possible loss of data
     1>c:\users\administrator\desktop\myway\src\map\mob.c(2024): warning C4101: 'temp_rate' : unreferenced local variable
         mercenary.c
     1>c:\users\administrator\desktop\myway\src\common\nullpo.h : warning C4819: The file contains a character that cannot be represented in the current code page (874). Save the file in Unicode format to prevent data loss
     1>c:\users\administrator\desktop\myway\src\map\battle.h : warning C4819: The file contains a character that cannot be represented in the current code page (874). Save the file in Unicode format to prevent data loss
     1>c:\users\administrator\desktop\myway\src\map\unit.h : warning C4819: The file contains a character that cannot be represented in the current code page (874). Save the file in Unicode format to prevent data loss
     1>c:\users\administrator\desktop\myway\src\map\unit.h : warning C4819: The file contains a character that cannot be represented in the current code page (874). Save the file in Unicode format to prevent data loss
     1>c:\users\administrator\desktop\myway\src\map\battle.h : warning C4819: The file contains a character that cannot be represented in the current code page (874). Save the file in Unicode format to prevent data loss
     1>c:\users\administrator\desktop\myway\src\map\unit.h : warning C4819: The file contains a character that cannot be represented in the current code page (874). Save the file in Unicode format to prevent data loss
     1>c:\users\administrator\desktop\myway\src\map\unit.h : warning C4819: The file contains a character that cannot be represented in the current code page (874). Save the file in Unicode format to prevent data loss
     1>c:\users\administrator\desktop\myway\src\map\unit.h : warning C4819: The file contains a character that cannot be represented in the current code page (874). Save the file in Unicode format to prevent data loss
         mapreg_txt.c
         map.c
     1>c:\users\administrator\desktop\myway\src\map\map.c : warning C4819: The file contains a character that cannot be represented in the current code page (874). Save the file in Unicode format to prevent data loss
     1>c:\users\administrator\desktop\myway\src\common\version.h : warning C4819: The file contains a character that cannot be represented in the current code page (874). Save the file in Unicode format to prevent data loss
     1>c:\users\administrator\desktop\myway\src\common\nullpo.h : warning C4819: The file contains a character that cannot be represented in the current code page (874). Save the file in Unicode format to prevent data loss
     1>c:\users\administrator\desktop\myway\src\map\unit.h : warning C4819: The file contains a character that cannot be represented in the current code page (874). Save the file in Unicode format to prevent data loss
     1>c:\users\administrator\desktop\myway\src\map\battle.h : warning C4819: The file contains a character that cannot be represented in the current code page (874). Save the file in Unicode format to prevent data loss
     1>c:\users\administrator\desktop\myway\src\map\unit.h : warning C4819: The file contains a character that cannot be represented in the current code page (874). Save the file in Unicode format to prevent data loss
     1>c:\users\administrator\desktop\myway\src\map\unit.h : warning C4819: The file contains a character that cannot be represented in the current code page (874). Save the file in Unicode format to prevent data loss
     1>c:\users\administrator\desktop\myway\src\map\unit.h : warning C4819: The file contains a character that cannot be represented in the current code page (874). Save the file in Unicode format to prevent data loss
     1>c:\users\administrator\desktop\myway\src\map\battle.h : warning C4819: The file contains a character that cannot be represented in the current code page (874). Save the file in Unicode format to prevent data loss
     1>c:\users\administrator\desktop\myway\src\map\unit.h : warning C4819: The file contains a character that cannot be represented in the current code page (874). Save the file in Unicode format to prevent data loss
     1>c:\users\administrator\desktop\myway\src\map\unit.h : warning C4819: The file contains a character that cannot be represented in the current code page (874). Save the file in Unicode format to prevent data loss
     1>c:\users\administrator\desktop\myway\src\map\unit.h : warning C4819: The file contains a character that cannot be represented in the current code page (874). Save the file in Unicode format to prevent data loss
     1>c:\users\administrator\desktop\myway\src\map\map.c(988): warning C4819: The file contains a character that cannot be represented in the current code page (874). Save the file in Unicode format to prevent data loss
     1>c:\users\administrator\desktop\myway\src\map\map.c(1971): warning C4819: The file contains a character that cannot be represented in the current code page (874). Save the file in Unicode format to prevent data loss
     1>c:\users\administrator\desktop\myway\src\map\map.c(3049): warning C4819: The file contains a character that cannot be represented in the current code page (874). Save the file in Unicode format to prevent data loss
         mail.c
         log.c
     1>c:\users\administrator\desktop\myway\src\common\nullpo.h : warning C4819: The file contains a character that cannot be represented in the current code page (874). Save the file in Unicode format to prevent data loss
     1>c:\users\administrator\desktop\myway\src\map\battle.h : warning C4819: The file contains a character that cannot be represented in the current code page (874). Save the file in Unicode format to prevent data loss
     1>c:\users\administrator\desktop\myway\src\map\unit.h : warning C4819: The file contains a character that cannot be represented in the current code page (874). Save the file in Unicode format to prevent data loss
     1>c:\users\administrator\desktop\myway\src\map\battle.h : warning C4819: The file contains a character that cannot be represented in the current code page (874). Save the file in Unicode format to prevent data loss
     1>c:\users\administrator\desktop\myway\src\map\unit.h : warning C4819: The file contains a character that cannot be represented in the current code page (874). Save the file in Unicode format to prevent data loss
         itemdb.c
     1>c:\users\administrator\desktop\myway\src\map\itemdb.c : warning C4819: The file contains a character that cannot be represented in the current code page (874). Save the file in Unicode format to prevent data loss
     1>c:\users\administrator\desktop\myway\src\common\nullpo.h : warning C4819: The file contains a character that cannot be represented in the current code page (874). Save the file in Unicode format to prevent data loss
     1>c:\users\administrator\desktop\myway\src\map\battle.h : warning C4819: The file contains a character that cannot be represented in the current code page (874). Save the file in Unicode format to prevent data loss
     1>c:\users\administrator\desktop\myway\src\map\battle.h : warning C4819: The file contains a character that cannot be represented in the current code page (874). Save the file in Unicode format to prevent data loss
     1>c:\users\administrator\desktop\myway\src\map\unit.h : warning C4819: The file contains a character that cannot be represented in the current code page (874). Save the file in Unicode format to prevent data loss
     1>c:\users\administrator\desktop\myway\src\map\unit.h : warning C4819: The file contains a character that cannot be represented in the current code page (874). Save the file in Unicode format to prevent data loss
         intif.c
     1>c:\users\administrator\desktop\myway\src\map\intif.c : warning C4819: The file contains a character that cannot be represented in the current code page (874). Save the file in Unicode format to prevent data loss
     1>c:\users\administrator\desktop\myway\src\common\nullpo.h : warning C4819: The file contains a character that cannot be represented in the current code page (874). Save the file in Unicode format to prevent data loss
     1>c:\users\administrator\desktop\myway\src\map\battle.h : warning C4819: The file contains a character that cannot be represented in the current code page (874). Save the file in Unicode format to prevent data loss
     1>c:\users\administrator\desktop\myway\src\map\battle.h : warning C4819: The file contains a character that cannot be represented in the current code page (874). Save the file in Unicode format to prevent data loss
     1>c:\users\administrator\desktop\myway\src\map\unit.h : warning C4819: The file contains a character that cannot be represented in the current code page (874). Save the file in Unicode format to prevent data loss
     1>c:\users\administrator\desktop\myway\src\map\unit.h : warning C4819: The file contains a character that cannot be represented in the current code page (874). Save the file in Unicode format to prevent data loss
     1>c:\users\administrator\desktop\myway\src\map\unit.h : warning C4819: The file contains a character that cannot be represented in the current code page (874). Save the file in Unicode format to prevent data loss
     1>c:\users\administrator\desktop\myway\src\map\unit.h : warning C4819: The file contains a character that cannot be represented in the current code page (874). Save the file in Unicode format to prevent data loss
     1>c:\users\administrator\desktop\myway\src\map\unit.h : warning C4819: The file contains a character that cannot be represented in the current code page (874). Save the file in Unicode format to prevent data loss
     1>c:\users\administrator\desktop\myway\src\map\intif.c(1001): warning C4819: The file contains a character that cannot be represented in the current code page (874). Save the file in Unicode format to prevent data loss
     1>c:\users\administrator\desktop\myway\src\map\intif.c(2127): warning C4819: The file contains a character that cannot be represented in the current code page (874). Save the file in Unicode format to prevent data loss
         instance.c
     1>c:\users\administrator\desktop\myway\src\common\version.h : warning C4819: The file contains a character that cannot be represented in the current code page (874). Save the file in Unicode format to prevent data loss
     1>c:\users\administrator\desktop\myway\src\common\nullpo.h : warning C4819: The file contains a character that cannot be represented in the current code page (874). Save the file in Unicode format to prevent data loss
     1>c:\users\administrator\desktop\myway\src\map\unit.h : warning C4819: The file contains a character that cannot be represented in the current code page (874). Save the file in Unicode format to prevent data loss
     1>c:\users\administrator\desktop\myway\src\map\battle.h : warning C4819: The file contains a character that cannot be represented in the current code page (874). Save the file in Unicode format to prevent data loss
     1>c:\users\administrator\desktop\myway\src\map\unit.h : warning C4819: The file contains a character that cannot be represented in the current code page (874). Save the file in Unicode format to prevent data loss
     1>c:\users\administrator\desktop\myway\src\map\unit.h : warning C4819: The file contains a character that cannot be represented in the current code page (874). Save the file in Unicode format to prevent data loss
         homunculus.c
     1>c:\users\administrator\desktop\myway\src\common\nullpo.h : warning C4819: The file contains a character that cannot be represented in the current code page (874). Save the file in Unicode format to prevent data loss
     1>c:\users\administrator\desktop\myway\src\map\battle.h : warning C4819: The file contains a character that cannot be represented in the current code page (874). Save the file in Unicode format to prevent data loss
     1>c:\users\administrator\desktop\myway\src\map\unit.h : warning C4819: The file contains a character that cannot be represented in the current code page (874). Save the file in Unicode format to prevent data loss
     1>c:\users\administrator\desktop\myway\src\map\unit.h : warning C4819: The file contains a character that cannot be represented in the current code page (874). Save the file in Unicode format to prevent data loss
     1>c:\users\administrator\desktop\myway\src\map\battle.h : warning C4819: The file contains a character that cannot be represented in the current code page (874). Save the file in Unicode format to prevent data loss
     1>c:\users\administrator\desktop\myway\src\map\unit.h : warning C4819: The file contains a character that cannot be represented in the current code page (874). Save the file in Unicode format to prevent data loss
     1>c:\users\administrator\desktop\myway\src\map\unit.h : warning C4819: The file contains a character that cannot be represented in the current code page (874). Save the file in Unicode format to prevent data loss
     1>c:\users\administrator\desktop\myway\src\map\unit.h : warning C4819: The file contains a character that cannot be represented in the current code page (874). Save the file in Unicode format to prevent data loss
         Generating Code...
         Compiling...
         guild.c
     1>c:\users\administrator\desktop\myway\src\map\guild.c : warning C4819: The file contains a character that cannot be represented in the current code page (874). Save the file in Unicode format to prevent data loss
     1>c:\users\administrator\desktop\myway\src\common\nullpo.h : warning C4819: The file contains a character that cannot be represented in the current code page (874). Save the file in Unicode format to prevent data loss
     1>c:\users\administrator\desktop\myway\src\map\battle.h : warning C4819: The file contains a character that cannot be represented in the current code page (874). Save the file in Unicode format to prevent data loss
     1>c:\users\administrator\desktop\myway\src\map\unit.h : warning C4819: The file contains a character that cannot be represented in the current code page (874). Save the file in Unicode format to prevent data loss
     1>c:\users\administrator\desktop\myway\src\map\battle.h : warning C4819: The file contains a character that cannot be represented in the current code page (874). Save the file in Unicode format to prevent data loss
     1>c:\users\administrator\desktop\myway\src\map\unit.h : warning C4819: The file contains a character that cannot be represented in the current code page (874). Save the file in Unicode format to prevent data loss
     1>c:\users\administrator\desktop\myway\src\map\unit.h : warning C4819: The file contains a character that cannot be represented in the current code page (874). Save the file in Unicode format to prevent data loss
     1>c:\users\administrator\desktop\myway\src\map\guild.c(1086): warning C4819: The file contains a character that cannot be represented in the current code page (874). Save the file in Unicode format to prevent data loss
         elemental.c
     1>c:\users\administrator\desktop\myway\src\common\nullpo.h : warning C4819: The file contains a character that cannot be represented in the current code page (874). Save the file in Unicode format to prevent data loss
     1>c:\users\administrator\desktop\myway\src\map\battle.h : warning C4819: The file contains a character that cannot be represented in the current code page (874). Save the file in Unicode format to prevent data loss
     1>c:\users\administrator\desktop\myway\src\map\unit.h : warning C4819: The file contains a character that cannot be represented in the current code page (874). Save the file in Unicode format to prevent data loss
     1>c:\users\administrator\desktop\myway\src\map\unit.h : warning C4819: The file contains a character that cannot be represented in the current code page (874). Save the file in Unicode format to prevent data loss
     1>c:\users\administrator\desktop\myway\src\map\battle.h : warning C4819: The file contains a character that cannot be represented in the current code page (874). Save the file in Unicode format to prevent data loss
     1>c:\users\administrator\desktop\myway\src\map\unit.h : warning C4819: The file contains a character that cannot be represented in the current code page (874). Save the file in Unicode format to prevent data loss
     1>c:\users\administrator\desktop\myway\src\map\unit.h : warning C4819: The file contains a character that cannot be represented in the current code page (874). Save the file in Unicode format to prevent data loss
     1>c:\users\administrator\desktop\myway\src\map\unit.h : warning C4819: The file contains a character that cannot be represented in the current code page (874). Save the file in Unicode format to prevent data loss
         duel.c
     1>c:\users\administrator\desktop\myway\src\map\battle.h : warning C4819: The file contains a character that cannot be represented in the current code page (874). Save the file in Unicode format to prevent data loss
     1>c:\users\administrator\desktop\myway\src\map\unit.h : warning C4819: The file contains a character that cannot be represented in the current code page (874). Save the file in Unicode format to prevent data loss
     1>c:\users\administrator\desktop\myway\src\map\unit.h : warning C4819: The file contains a character that cannot be represented in the current code page (874). Save the file in Unicode format to prevent data loss
         date.c
         clif.c
     1>c:\users\administrator\desktop\myway\src\map\clif.c : warning C4819: The file contains a character that cannot be represented in the current code page (874). Save the file in Unicode format to prevent data loss
     1>c:\users\administrator\desktop\myway\src\common\version.h : warning C4819: The file contains a character that cannot be represented in the current code page (874). Save the file in Unicode format to prevent data loss
     1>c:\users\administrator\desktop\myway\src\common\nullpo.h : warning C4819: The file contains a character that cannot be represented in the current code page (874). Save the file in Unicode format to prevent data loss
     1>c:\users\administrator\desktop\myway\src\map\battle.h : warning C4819: The file contains a character that cannot be represented in the current code page (874). Save the file in Unicode format to prevent data loss
     1>c:\users\administrator\desktop\myway\src\map\unit.h : warning C4819: The file contains a character that cannot be represented in the current code page (874). Save the file in Unicode format to prevent data loss
     1>c:\users\administrator\desktop\myway\src\map\unit.h : warning C4819: The file contains a character that cannot be represented in the current code page (874). Save the file in Unicode format to prevent data loss
     1>c:\users\administrator\desktop\myway\src\map\unit.h : warning C4819: The file contains a character that cannot be represented in the current code page (874). Save the file in Unicode format to prevent data loss
     1>c:\users\administrator\desktop\myway\src\map\battle.h : warning C4819: The file contains a character that cannot be represented in the current code page (874). Save the file in Unicode format to prevent data loss
     1>c:\users\administrator\desktop\myway\src\map\unit.h : warning C4819: The file contains a character that cannot be represented in the current code page (874). Save the file in Unicode format to prevent data loss
     1>c:\users\administrator\desktop\myway\src\map\unit.h : warning C4819: The file contains a character that cannot be represented in the current code page (874). Save the file in Unicode format to prevent data loss
     1>c:\users\administrator\desktop\myway\src\map\unit.h : warning C4819: The file contains a character that cannot be represented in the current code page (874). Save the file in Unicode format to prevent data loss
     1>c:\users\administrator\desktop\myway\src\map\unit.h : warning C4819: The file contains a character that cannot be represented in the current code page (874). Save the file in Unicode format to prevent data loss
     1>c:\users\administrator\desktop\myway\src\map\clif.c(3308): warning C4819: The file contains a character that cannot be represented in the current code page (874). Save the file in Unicode format to prevent data loss
     1>c:\users\administrator\desktop\myway\src\map\clif.c(4331): warning C4819: The file contains a character that cannot be represented in the current code page (874). Save the file in Unicode format to prevent data loss
     1>c:\users\administrator\desktop\myway\src\map\clif.c(5328): warning C4819: The file contains a character that cannot be represented in the current code page (874). Save the file in Unicode format to prevent data loss
     1>c:\users\administrator\desktop\myway\src\map\clif.c(6338): warning C4819: The file contains a character that cannot be represented in the current code page (874). Save the file in Unicode format to prevent data loss
     1>c:\users\administrator\desktop\myway\src\map\clif.c(7442): warning C4819: The file contains a character that cannot be represented in the current code page (874). Save the file in Unicode format to prevent data loss
     1>c:\users\administrator\desktop\myway\src\map\clif.c(8525): warning C4819: The file contains a character that cannot be represented in the current code page (874). Save the file in Unicode format to prevent data loss
     1>c:\users\administrator\desktop\myway\src\map\clif.c(10347): warning C4819: The file contains a character that cannot be represented in the current code page (874). Save the file in Unicode format to prevent data loss
     1>c:\users\administrator\desktop\myway\src\map\clif.c(11345): warning C4819: The file contains a character that cannot be represented in the current code page (874). Save the file in Unicode format to prevent data loss
     1>c:\users\administrator\desktop\myway\src\map\clif.c(12403): warning C4819: The file contains a character that cannot be represented in the current code page (874). Save the file in Unicode format to prevent data loss
     1>c:\users\administrator\desktop\myway\src\map\clif.c(15328): warning C4819: The file contains a character that cannot be represented in the current code page (874). Save the file in Unicode format to prevent data loss
         chrif.c
     1>c:\users\administrator\desktop\myway\src\common\nullpo.h : warning C4819: The file contains a character that cannot be represented in the current code page (874). Save the file in Unicode format to prevent data loss
     1>c:\users\administrator\desktop\myway\src\map\battle.h : warning C4819: The file contains a character that cannot be represented in the current code page (874). Save the file in Unicode format to prevent data loss
     1>c:\users\administrator\desktop\myway\src\map\unit.h : warning C4819: The file contains a character that cannot be represented in the current code page (874). Save the file in Unicode format to prevent data loss
     1>c:\users\administrator\desktop\myway\src\map\battle.h : warning C4819: The file contains a character that cannot be represented in the current code page (874). Save the file in Unicode format to prevent data loss
     1>c:\users\administrator\desktop\myway\src\map\unit.h : warning C4819: The file contains a character that cannot be represented in the current code page (874). Save the file in Unicode format to prevent data loss
     1>c:\users\administrator\desktop\myway\src\map\unit.h : warning C4819: The file contains a character that cannot be represented in the current code page (874). Save the file in Unicode format to prevent data loss
     1>c:\users\administrator\desktop\myway\src\map\unit.h : warning C4819: The file contains a character that cannot be represented in the current code page (874). Save the file in Unicode format to prevent data loss
     1>c:\users\administrator\desktop\myway\src\map\unit.h : warning C4819: The file contains a character that cannot be represented in the current code page (874). Save the file in Unicode format to prevent data loss
     1>c:\users\administrator\desktop\myway\src\map\unit.h : warning C4819: The file contains a character that cannot be represented in the current code page (874). Save the file in Unicode format to prevent data loss
         chat.c
     1>c:\users\administrator\desktop\myway\src\map\chat.c : warning C4819: The file contains a character that cannot be represented in the current code page (874). Save the file in Unicode format to prevent data loss
     1>c:\users\administrator\desktop\myway\src\common\nullpo.h : warning C4819: The file contains a character that cannot be represented in the current code page (874). Save the file in Unicode format to prevent data loss
     1>c:\users\administrator\desktop\myway\src\map\battle.h : warning C4819: The file contains a character that cannot be represented in the current code page (874). Save the file in Unicode format to prevent data loss
     1>c:\users\administrator\desktop\myway\src\map\unit.h : warning C4819: The file contains a character that cannot be represented in the current code page (874). Save the file in Unicode format to prevent data loss
     1>c:\users\administrator\desktop\myway\src\map\battle.h : warning C4819: The file contains a character that cannot be represented in the current code page (874). Save the file in Unicode format to prevent data loss
     1>c:\users\administrator\desktop\myway\src\map\unit.h : warning C4819: The file contains a character that cannot be represented in the current code page (874). Save the file in Unicode format to prevent data loss
     1>c:\users\administrator\desktop\myway\src\map\unit.h : warning C4819: The file contains a character that cannot be represented in the current code page (874). Save the file in Unicode format to prevent data loss
         buyingstore.c
     1>c:\users\administrator\desktop\myway\src\map\battle.h : warning C4819: The file contains a character that cannot be represented in the current code page (874). Save the file in Unicode format to prevent data loss
     1>c:\users\administrator\desktop\myway\src\map\battle.h : warning C4819: The file contains a character that cannot be represented in the current code page (874). Save the file in Unicode format to prevent data loss
     1>c:\users\administrator\desktop\myway\src\map\unit.h : warning C4819: The file contains a character that cannot be represented in the current code page (874). Save the file in Unicode format to prevent data loss
     1>c:\users\administrator\desktop\myway\src\map\unit.h : warning C4819: The file contains a character that cannot be represented in the current code page (874). Save the file in Unicode format to prevent data loss
         battleground.c
     1>c:\users\administrator\desktop\myway\src\common\nullpo.h : warning C4819: The file contains a character that cannot be represented in the current code page (874). Save the file in Unicode format to prevent data loss
     1>c:\users\administrator\desktop\myway\src\map\battle.h : warning C4819: The file contains a character that cannot be represented in the current code page (874). Save the file in Unicode format to prevent data loss
     1>c:\users\administrator\desktop\myway\src\map\unit.h : warning C4819: The file contains a character that cannot be represented in the current code page (874). Save the file in Unicode format to prevent data loss
     1>c:\users\administrator\desktop\myway\src\map\battle.h : warning C4819: The file contains a character that cannot be represented in the current code page (874). Save the file in Unicode format to prevent data loss
     1>c:\users\administrator\desktop\myway\src\map\unit.h : warning C4819: The file contains a character that cannot be represented in the current code page (874). Save the file in Unicode format to prevent data loss
     1>c:\users\administrator\desktop\myway\src\map\unit.h : warning C4819: The file contains a character that cannot be represented in the current code page (874). Save the file in Unicode format to prevent data loss
     1>c:\users\administrator\desktop\myway\src\map\unit.h : warning C4819: The file contains a character that cannot be represented in the current code page (874). Save the file in Unicode format to prevent data loss
     1>c:\users\administrator\desktop\myway\src\map\unit.h : warning C4819: The file contains a character that cannot be represented in the current code page (874). Save the file in Unicode format to prevent data loss
         battle.c
     1>c:\users\administrator\desktop\myway\src\common\nullpo.h : warning C4819: The file contains a character that cannot be represented in the current code page (874). Save the file in Unicode format to prevent data loss
     1>c:\users\administrator\desktop\myway\src\map\battle.h : warning C4819: The file contains a character that cannot be represented in the current code page (874). Save the file in Unicode format to prevent data loss
     1>c:\users\administrator\desktop\myway\src\map\unit.h : warning C4819: The file contains a character that cannot be represented in the current code page (874). Save the file in Unicode format to prevent data loss
     1>c:\users\administrator\desktop\myway\src\map\unit.h : warning C4819: The file contains a character that cannot be represented in the current code page (874). Save the file in Unicode format to prevent data loss
     1>c:\users\administrator\desktop\myway\src\map\unit.h : warning C4819: The file contains a character that cannot be represented in the current code page (874). Save the file in Unicode format to prevent data loss
     1>c:\users\administrator\desktop\myway\src\map\unit.h : warning C4819: The file contains a character that cannot be represented in the current code page (874). Save the file in Unicode format to prevent data loss
     1>c:\users\administrator\desktop\myway\src\map\unit.h : warning C4819: The file contains a character that cannot be represented in the current code page (874). Save the file in Unicode format to prevent data loss
     1>c:\users\administrator\desktop\myway\src\map\battle.h : warning C4819: The file contains a character that cannot be represented in the current code page (874). Save the file in Unicode format to prevent data loss
     1>c:\users\administrator\desktop\myway\src\map\battle.c(4796): warning C4819: The file contains a character that cannot be represented in the current code page (874). Save the file in Unicode format to prevent data loss
         atcommand.c
     1>c:\users\administrator\desktop\myway\src\common\nullpo.h : warning C4819: The file contains a character that cannot be represented in the current code page (874). Save the file in Unicode format to prevent data loss
     1>c:\users\administrator\desktop\myway\src\map\battle.h : warning C4819: The file contains a character that cannot be represented in the current code page (874). Save the file in Unicode format to prevent data loss
     1>c:\users\administrator\desktop\myway\src\map\battle.h : warning C4819: The file contains a character that cannot be represented in the current code page (874). Save the file in Unicode format to prevent data loss
     1>c:\users\administrator\desktop\myway\src\map\unit.h : warning C4819: The file contains a character that cannot be represented in the current code page (874). Save the file in Unicode format to prevent data loss
     1>c:\users\administrator\desktop\myway\src\map\unit.h : warning C4819: The file contains a character that cannot be represented in the current code page (874). Save the file in Unicode format to prevent data loss
     1>c:\users\administrator\desktop\myway\src\map\unit.h : warning C4819: The file contains a character that cannot be represented in the current code page (874). Save the file in Unicode format to prevent data loss
     1>c:\users\administrator\desktop\myway\src\map\unit.h : warning C4819: The file contains a character that cannot be represented in the current code page (874). Save the file in Unicode format to prevent data loss
     1>c:\users\administrator\desktop\myway\src\map\unit.h : warning C4819: The file contains a character that cannot be represented in the current code page (874). Save the file in Unicode format to prevent data loss
     1>c:\users\administrator\desktop\myway\src\map\unit.h : warning C4819: The file contains a character that cannot be represented in the current code page (874). Save the file in Unicode format to prevent data loss
     1>c:\users\administrator\desktop\myway\src\map\unit.h : warning C4819: The file contains a character that cannot be represented in the current code page (874). Save the file in Unicode format to prevent data loss
         Generating Code...
     1>c:\users\administrator\desktop\myway\src\map\battle.c(2307): warning C4700: uninitialized local variable 'ratio' used
       ManifestResourceCompile:
         C:\Program Files (x86)\Microsoft SDKs\Windows\v7.0A\bin\rc.exe /nologo /fo"map-server_txt\Debug\map-server.exe.embed.manifest.res" map-server_txt\Debug\map-server_manifest.rc 
       Link:
         C:\Program Files (x86)\Microsoft Visual Studio 10.0\VC\bin\link.exe /ERRORREPORT:PROMPT /OUT:"..\map-server.exe" /INCREMENTAL /NOLOGO /LIBPATH:..\3rdparty\zlib\lib /LIBPATH:..\3rdparty\pcre\lib libcmtd.lib oldnames.lib ws2_32.lib zdll.lib pcre.lib kernel32.lib user32.lib gdi32.lib winspool.lib comdlg32.lib advapi32.lib shell32.lib ole32.lib oleaut32.lib uuid.lib odbc32.lib odbccp32.lib /NODEFAULTLIB /MANIFEST /ManifestFile:"map-server_txt\Debug\map-server.exe.intermediate.manifest" /MANIFESTUAC:"level='asInvoker' uiAccess='false'" /DEBUG /PDB:"..\map-server.pdb" /SUBSYSTEM:CONSOLE /TLBID:1 /DYNAMICBASE:NO /IMPLIB:"..\map-server.lib" /MACHINE:X86 "map-server_txt\Debug\map-server.exe.embed.manifest.res"
         "map-server_txt\Debug\atcommand.obj"
         "map-server_txt\Debug\battle.obj"
         "map-server_txt\Debug\battleground.obj"
         "map-server_txt\Debug\buyingstore.obj"
         "map-server_txt\Debug\chat.obj"
         "map-server_txt\Debug\chrif.obj"
         "map-server_txt\Debug\clif.obj"
         "map-server_txt\Debug\date.obj"
         "map-server_txt\Debug\duel.obj"
         "map-server_txt\Debug\elemental.obj"
         "map-server_txt\Debug\guild.obj"
         "map-server_txt\Debug\homunculus.obj"
         "map-server_txt\Debug\instance.obj"
         "map-server_txt\Debug\intif.obj"
         "map-server_txt\Debug\itemdb.obj"
         "map-server_txt\Debug\log.obj"
         "map-server_txt\Debug\mail.obj"
         "map-server_txt\Debug\map.obj"
         "map-server_txt\Debug\mapreg_txt.obj"
         "map-server_txt\Debug\mercenary.obj"
         "map-server_txt\Debug\mob.obj"
         "map-server_txt\Debug\npc.obj"
         "map-server_txt\Debug\npc_chat.obj"
         "map-server_txt\Debug\party.obj"
         "map-server_txt\Debug\path.obj"
         "map-server_txt\Debug\pc.obj"
         "map-server_txt\Debug\pet.obj"
         "map-server_txt\Debug\quest.obj"
         "map-server_txt\Debug\script.obj"
         "map-server_txt\Debug\searchstore.obj"
         "map-server_txt\Debug\skill.obj"
         "map-server_txt\Debug\status.obj"
         "map-server_txt\Debug\storage.obj"
         "map-server_txt\Debug\trade.obj"
         "map-server_txt\Debug\unit.obj"
         "map-server_txt\Debug\vending.obj"
         "map-server_txt\Debug\core.obj"
         "map-server_txt\Debug\db.obj"
         "map-server_txt\Debug\ers.obj"
         "map-server_txt\Debug\grfio.obj"
         "map-server_txt\Debug\lock.obj"
         "map-server_txt\Debug\malloc.obj"
         "map-server_txt\Debug\md5calc.obj"
         "map-server_txt\Debug\mapindex.obj"
         "map-server_txt\Debug\nullpo.obj"
         "map-server_txt\Debug\plugins.obj"
         "map-server_txt\Debug\showmsg.obj"
         "map-server_txt\Debug\socket.obj"
         "map-server_txt\Debug\strlib.obj"
         "map-server_txt\Debug\timer.obj"
         "map-server_txt\Debug\utils.obj" /FIXED:NO 
     1>script.obj : error LNK2019: unresolved external symbol _intif_Mail_send referenced in function _buildin_sendmail
     1>..\map-server.exe : fatal error LNK1120: 1 unresolved externals
     1>Done Building Project "C:\Users\Administrator\Desktop\MyWay\vcproj-10\map-server_txt.vcxproj" (rebuild target(s)) -- FAILED.

Build FAILED.

Time Elapsed 00:00:23.39
