02/20/2012 01:19:32 - asdf[2000000]: @monster
02/20/2012 01:19:35 - asdf[2000000]: @monster 1002
02/20/2012 01:19:55 - asdf[2000000]: @item swoard
02/20/2012 01:20:01 - asdf[2000000]: @lvup 1
02/20/2012 01:20:08 - asdf[2000000]: @lvup 1
02/20/2012 01:20:56 - asdf[2000000]: @jobchange
02/20/2012 01:21:10 - asdf[2000000]: @jobchange 4191
02/20/2012 01:21:58 - asdf[2000000]: @item 12548
02/20/2012 01:22:13 - asdf[2000000]: @jobchange 4191
02/20/2012 01:22:16 - asdf[2000000]: @item 12548 10
02/20/2012 01:23:40 - asdf[2000000]: @allskill
02/20/2012 01:23:56 - asdf[2000000]: @heal
02/20/2012 01:25:00 - asdf[2000000]: @item 1002
02/20/2012 01:25:27 - asdf[2000000]: @zeny 1000
02/20/2012 01:26:23 - asdf[2000000]: @recall dddd
02/20/2012 01:30:53 - asdf[2000000]: @monster maya
02/20/2012 01:30:59 - asdf[2000000]: /kick Maya (1147)
02/20/2012 01:31:37 - asdf[2000000]: @monster maya
02/20/2012 01:31:45 - asdf[2000000]: @alive
02/20/2012 01:31:47 - asdf[2000000]: @monster maya
02/20/2012 01:31:49 - asdf[2000000]: /kick Maya (1147)
02/20/2012 01:32:23 - asdf[2000000]: @warp pyd_mid5
02/20/2012 01:33:13 - asdf[2000000]: @warp in_sphinx5
02/20/2012 01:33:19 - asdf[2000000]: @hide
02/20/2012 01:33:25 - asdf[2000000]: @speed 0
02/20/2012 01:33:27 - asdf[2000000]: @warp pyd_mid5
02/20/2012 01:33:31 - asdf[2000000]: @warp pyd_mid5
02/20/2012 01:34:36 - asdf[2000000]: @warp abbey02,236,78
02/20/2012 01:34:49 - asdf[2000000]: /kick Fallen Bishop (1871)
02/20/2012 01:35:04 - asdf[2000000]: /kick Necromancer (1870)
02/20/2012 01:35:08 - asdf[2000000]: @hide
02/26/2012 04:36:57 - asdf[2000000]: @option
02/26/2012 04:36:59 - asdf[2000000]: @option 1
02/26/2012 04:37:01 - asdf[2000000]: @option 0
02/26/2012 04:37:29 - asdf[2000000]: @option 128
02/26/2012 04:37:40 - asdf[2000000]: @option 0
02/26/2012 04:38:03 - asdf[2000000]: @option 0 0 8
02/26/2012 04:38:41 - asdf[2000000]: @item 12622
03/05/2012 15:49:27 - asdf[2000000]: @monster 1002
03/05/2012 15:49:37 - asdf[2000000]: @monster 1002 100
03/05/2012 15:51:17 - asdf[2000000]: @reset
03/05/2012 15:51:28 - asdf[2000000]: @lvup -10
03/05/2012 15:51:54 - asdf[2000000]: @allskill
03/05/2012 15:52:09 - asdf[2000000]: @heal
03/05/2012 15:52:40 - asdf[2000000]: @killer
03/05/2012 15:52:43 - asdf[2000000]: @kill
03/05/2012 15:52:57 - asdf[2000000]: @killmonster
03/05/2012 15:53:17 - asdf[2000000]: @monster 1002 100
03/05/2012 16:03:09 - asdss[2000000]: @monster 1002 10
03/05/2012 16:03:36 - asdss[2000000]: @reloadbattleconf
03/05/2012 16:03:55 - asdss[2000000]: @reloadbattleconf
03/05/2012 16:04:22 - asdss[2000000]: @monster 1002 10
03/05/2012 16:07:44 - asdss[2000000]: @reloadbattleconf
03/05/2012 16:11:04 - asdss[2000000]: @reloadbattleconf
03/05/2012 16:12:00 - asdss[2000000]: @reloadbattleconf
03/05/2012 16:13:03 - asdss[2000000]: @monster 1007
03/05/2012 16:13:15 - asdss[2000000]: @monster 1007 1
03/05/2012 16:13:27 - asdss[2000000]: @monster 1005
03/05/2012 16:13:43 - asdss[2000000]: @heal
03/05/2012 16:14:17 - asdss[2000000]: /kick Familiar (1005)
03/05/2012 16:14:28 - asdss[2000000]: @jobchange
03/05/2012 16:14:39 - asdss[2000000]: @jobchange 2
03/05/2012 16:14:44 - asdss[2000000]: @allskill
03/05/2012 16:14:49 - asdss[2000000]: @monster 1002 100
03/05/2012 16:15:56 - asdss[2000000]: @heal
03/05/2012 16:17:28 - asdss[2000000]: @jobchange 4061
03/05/2012 16:17:31 - asdss[2000000]: @allskill
03/05/2012 16:18:56 - asdss[2000000]: @heal
03/05/2012 16:21:53 - asdss[2000000]: @item 19530
03/05/2012 16:21:58 - asdss[2000000]: @item 19500
03/05/2012 16:22:19 - asdss[2000000]: @item 18602
03/05/2012 16:22:24 - asdss[2000000]: @item hat
03/05/2012 16:22:43 - asdss[2000000]: @item 19506
03/05/2012 16:24:08 - asdss[2000000]: @killer
03/05/2012 16:25:45 - asdss[2000000]: @monster faber
03/05/2012 16:26:18 - asdss[2000000]: @monster 1007 100
03/05/2012 16:28:13 - asdss[2000000]: #lvup dddd 10
03/06/2012 13:32:42 - dddd[2000001]: @item 12622
03/06/2012 13:37:05 - dddd[2000001]: @jobchange
03/06/2012 13:37:09 - dddd[2000001]: @jobchange 4106
03/06/2012 13:37:12 - dddd[2000001]: @allskill
03/06/2012 13:37:27 - dddd[2000001]: @monster 1002
03/06/2012 13:37:43 - dddd[2000001]: @jobchange 1
03/06/2012 13:37:55 - dddd[2000001]: @jobchange 5
03/06/2012 13:37:56 - dddd[2000001]: @jobchange 6
03/06/2012 13:37:57 - dddd[2000001]: @jobchange 7
03/06/2012 13:38:10 - dddd[2000001]: @jobchange @mount
03/06/2012 13:38:21 - dddd[2000001]: @allskill
03/06/2012 13:38:27 - dddd[2000001]: @monster 1002
03/06/2012 14:53:04 - dddd[2000001]: @monster 1002 100
03/06/2012 15:36:14 - dddd[2000001]: @jobchange
03/06/2012 15:36:26 - dddd[2000001]: @jobchange 4102
03/06/2012 15:36:28 - dddd[2000001]: @allskill
03/06/2012 15:36:35 - dddd[2000001]: @item shield
03/06/2012 15:38:25 - dddd[2000001]: @heal
03/06/2012 15:38:39 - dddd[2000001]: @refine 0 10
03/06/2012 15:39:58 - dddd[2000001]: @item 2107
03/06/2012 15:41:34 - dddd[2000001]: @monster 1002 10
03/06/2012 15:42:08 - dddd[2000001]: @monster 1002 10
03/06/2012 15:42:34 - dddd[2000001]: @refine 0 10
03/06/2012 23:55:58 - dddd[2000001]: @monster 1001
03/06/2012 23:56:07 - dddd[2000001]: @monster 1001
03/06/2012 23:57:25 - dddd[2000001]: @monster 1001
03/06/2012 23:58:03 - dddd[2000001]: @monster 1001
03/06/2012 23:58:10 - dddd[2000001]: @monster 1001
03/06/2012 23:58:13 - dddd[2000001]: @monster 1001
03/06/2012 23:58:19 - dddd[2000001]: @monster 1001
03/15/2012 03:17:47 - dddd[2000001]: @monster 1002
03/15/2012 03:18:03 - dddd[2000001]: @monster 1005 1
03/15/2012 03:18:18 - dddd[2000001]: @monster 1009
03/15/2012 03:18:26 - dddd[2000001]: @monster 1010
