C:\MOCHARO\VCPROJ-12\CHAR-SERVER_SQL\DEBUG\VC110.PDB
C:\mocharo\vcproj-12\char-server_sql\Debug\char.obj
C:\mocharo\vcproj-12\char-server_sql\Debug\cli.obj
C:\mocharo\vcproj-12\char-server_sql\Debug\core.obj
C:\mocharo\vcproj-12\char-server_sql\Debug\db.obj
C:\mocharo\vcproj-12\char-server_sql\Debug\ers.obj
C:\mocharo\vcproj-12\char-server_sql\Debug\grammar.obj
C:\mocharo\vcproj-12\char-server_sql\Debug\inter.obj
C:\mocharo\vcproj-12\char-server_sql\Debug\int_auction.obj
C:\mocharo\vcproj-12\char-server_sql\Debug\int_elemental.obj
C:\mocharo\vcproj-12\char-server_sql\Debug\int_guild.obj
C:\mocharo\vcproj-12\char-server_sql\Debug\int_homun.obj
C:\mocharo\vcproj-12\char-server_sql\Debug\int_mail.obj
C:\mocharo\vcproj-12\char-server_sql\Debug\int_mercenary.obj
C:\mocharo\vcproj-12\char-server_sql\Debug\int_party.obj
C:\mocharo\vcproj-12\char-server_sql\Debug\int_pet.obj
C:\mocharo\vcproj-12\char-server_sql\Debug\int_quest.obj
C:\mocharo\vcproj-12\char-server_sql\Debug\int_storage.obj
C:\mocharo\vcproj-12\char-server_sql\Debug\libconfig.obj
C:\mocharo\vcproj-12\char-server_sql\Debug\malloc.obj
C:\mocharo\vcproj-12\char-server_sql\Debug\mapindex.obj
C:\mocharo\vcproj-12\char-server_sql\Debug\mempool.obj
C:\mocharo\vcproj-12\char-server_sql\Debug\msg_conf.obj
C:\mocharo\vcproj-12\char-server_sql\Debug\mt19937ar.obj
C:\mocharo\vcproj-12\char-server_sql\Debug\mutex.obj
C:\mocharo\vcproj-12\char-server_sql\Debug\nullpo.obj
C:\mocharo\vcproj-12\char-server_sql\Debug\raconf.obj
C:\mocharo\vcproj-12\char-server_sql\Debug\random.obj
C:\mocharo\vcproj-12\char-server_sql\Debug\scanctx.obj
C:\mocharo\vcproj-12\char-server_sql\Debug\scanner.obj
C:\mocharo\vcproj-12\char-server_sql\Debug\showmsg.obj
C:\mocharo\vcproj-12\char-server_sql\Debug\socket.obj
C:\mocharo\vcproj-12\char-server_sql\Debug\sql.obj
C:\mocharo\vcproj-12\char-server_sql\Debug\strbuf.obj
C:\mocharo\vcproj-12\char-server_sql\Debug\strlib.obj
C:\mocharo\vcproj-12\char-server_sql\Debug\thread.obj
C:\mocharo\vcproj-12\char-server_sql\Debug\timer.obj
C:\mocharo\vcproj-12\char-server_sql\Debug\utils.obj
C:\mocharo\vcproj-12\char-server_sql\Debug\CL.5612.read.1.tlog
C:\mocharo\vcproj-12\char-server_sql\Debug\CL.5612.write.1.tlog
C:\mocharo\vcproj-12\char-server_sql\Debug\CL.6304.read.1.tlog
C:\mocharo\vcproj-12\char-server_sql\Debug\CL.6304.write.1.tlog
C:\mocharo\vcproj-12\char-server_sql\Debug\cl.command.1.tlog
C:\mocharo\vcproj-12\char-server_sql\Debug\CL.read.1.tlog
C:\mocharo\vcproj-12\char-server_sql\Debug\cl.write.1.tlog
C:\mocharo\vcproj-12\char-server_sql\Debug\link-cvtres.read.1.tlog
C:\mocharo\vcproj-12\char-server_sql\Debug\link-cvtres.write.1.tlog
C:\mocharo\vcproj-12\char-server_sql\Debug\link-rc.read.1.tlog
C:\mocharo\vcproj-12\char-server_sql\Debug\link-rc.write.1.tlog
C:\mocharo\vcproj-12\char-server_sql\Debug\link.command.1.tlog
C:\mocharo\vcproj-12\char-server_sql\Debug\link.read.1.tlog
C:\mocharo\vcproj-12\char-server_sql\Debug\link.write.1.tlog
C:\mocharo\vcproj-12\char-server_sql\Debug\vc110.idb
C:\mocharo\vcproj-12\char-server_sql\Debug\vc110.pdb
