..\tools\char-converter.ilk
..\tools\char-converter.pdb
C:\USERS\ADMINISTRATOR\DESKTOP\MYWAY\TOOLS\CHAR-CONVERTER.EXE
C:\USERS\ADMINISTRATOR\DESKTOP\MYWAY\TOOLS\CHAR-CONVERTER.ILK
C:\USERS\ADMINISTRATOR\DESKTOP\MYWAY\TOOLS\CHAR-CONVERTER.PDB
C:\Users\Administrator\Desktop\MyWay\vcproj-10\..\tools\char-converter.exe
C:\USERS\ADMINISTRATOR\DESKTOP\MYWAY\VCPROJ-10\TXT-CONVERTER-CHAR\DEBUG\CHAR.OBJ
C:\USERS\ADMINISTRATOR\DESKTOP\MYWAY\VCPROJ-10\TXT-CONVERTER-CHAR\DEBUG\CHAR_SQL.OBJ
C:\USERS\ADMINISTRATOR\DESKTOP\MYWAY\VCPROJ-10\TXT-CONVERTER-CHAR\DEBUG\CHAR-CONVERTER.EXE.EMBED.MANIFEST
C:\USERS\ADMINISTRATOR\DESKTOP\MYWAY\VCPROJ-10\TXT-CONVERTER-CHAR\DEBUG\CHAR-CONVERTER.EXE.EMBED.MANIFEST.RES
C:\USERS\ADMINISTRATOR\DESKTOP\MYWAY\VCPROJ-10\TXT-CONVERTER-CHAR\DEBUG\CHAR-CONVERTER.EXE.INTERMEDIATE.MANIFEST
C:\USERS\ADMINISTRATOR\DESKTOP\MYWAY\VCPROJ-10\TXT-CONVERTER-CHAR\DEBUG\CHAR-CONVERTER.OBJ
C:\Users\Administrator\Desktop\MyWay\vcproj-10\txt-converter-char\Debug\char-converter_manifest.rc
C:\Users\Administrator\Desktop\MyWay\vcproj-10\txt-converter-char\Debug\cl.command.1.tlog
C:\Users\Administrator\Desktop\MyWay\vcproj-10\txt-converter-char\Debug\CL.read.1.tlog
C:\Users\Administrator\Desktop\MyWay\vcproj-10\txt-converter-char\Debug\CL.write.1.tlog
C:\USERS\ADMINISTRATOR\DESKTOP\MYWAY\VCPROJ-10\TXT-CONVERTER-CHAR\DEBUG\CORE.OBJ
C:\USERS\ADMINISTRATOR\DESKTOP\MYWAY\VCPROJ-10\TXT-CONVERTER-CHAR\DEBUG\ERS.OBJ
C:\USERS\ADMINISTRATOR\DESKTOP\MYWAY\VCPROJ-10\TXT-CONVERTER-CHAR\DEBUG\INT_GUILD.OBJ
C:\USERS\ADMINISTRATOR\DESKTOP\MYWAY\VCPROJ-10\TXT-CONVERTER-CHAR\DEBUG\INT_GUILD_SQL.OBJ
C:\USERS\ADMINISTRATOR\DESKTOP\MYWAY\VCPROJ-10\TXT-CONVERTER-CHAR\DEBUG\INT_MERCENARY_SQL.OBJ
C:\USERS\ADMINISTRATOR\DESKTOP\MYWAY\VCPROJ-10\TXT-CONVERTER-CHAR\DEBUG\INT_PARTY.OBJ
C:\USERS\ADMINISTRATOR\DESKTOP\MYWAY\VCPROJ-10\TXT-CONVERTER-CHAR\DEBUG\INT_PARTY_SQL.OBJ
C:\USERS\ADMINISTRATOR\DESKTOP\MYWAY\VCPROJ-10\TXT-CONVERTER-CHAR\DEBUG\INT_PET.OBJ
C:\USERS\ADMINISTRATOR\DESKTOP\MYWAY\VCPROJ-10\TXT-CONVERTER-CHAR\DEBUG\INT_PET_SQL.OBJ
C:\USERS\ADMINISTRATOR\DESKTOP\MYWAY\VCPROJ-10\TXT-CONVERTER-CHAR\DEBUG\INT_STORAGE.OBJ
C:\USERS\ADMINISTRATOR\DESKTOP\MYWAY\VCPROJ-10\TXT-CONVERTER-CHAR\DEBUG\INT_STORAGE_SQL.OBJ
C:\USERS\ADMINISTRATOR\DESKTOP\MYWAY\VCPROJ-10\TXT-CONVERTER-CHAR\DEBUG\INTER.OBJ
C:\USERS\ADMINISTRATOR\DESKTOP\MYWAY\VCPROJ-10\TXT-CONVERTER-CHAR\DEBUG\INTER_SQL.OBJ
C:\Users\Administrator\Desktop\MyWay\vcproj-10\txt-converter-char\Debug\link.8376.read.1.tlog
C:\Users\Administrator\Desktop\MyWay\vcproj-10\txt-converter-char\Debug\link.8376.write.1.tlog
C:\Users\Administrator\Desktop\MyWay\vcproj-10\txt-converter-char\Debug\link.8376-cvtres.read.1.tlog
C:\Users\Administrator\Desktop\MyWay\vcproj-10\txt-converter-char\Debug\link.8376-cvtres.write.1.tlog
C:\Users\Administrator\Desktop\MyWay\vcproj-10\txt-converter-char\Debug\link.command.1.tlog
C:\Users\Administrator\Desktop\MyWay\vcproj-10\txt-converter-char\Debug\link.read.1.tlog
C:\Users\Administrator\Desktop\MyWay\vcproj-10\txt-converter-char\Debug\link.write.1.tlog
C:\Users\Administrator\Desktop\MyWay\vcproj-10\txt-converter-char\Debug\link-cvtres.read.1.tlog
C:\Users\Administrator\Desktop\MyWay\vcproj-10\txt-converter-char\Debug\link-cvtres.write.1.tlog
C:\USERS\ADMINISTRATOR\DESKTOP\MYWAY\VCPROJ-10\TXT-CONVERTER-CHAR\DEBUG\MALLOC.OBJ
C:\USERS\ADMINISTRATOR\DESKTOP\MYWAY\VCPROJ-10\TXT-CONVERTER-CHAR\DEBUG\MAPINDEX.OBJ
C:\Users\Administrator\Desktop\MyWay\vcproj-10\txt-converter-char\Debug\mt.command.1.tlog
C:\Users\Administrator\Desktop\MyWay\vcproj-10\txt-converter-char\Debug\mt.read.1.tlog
C:\Users\Administrator\Desktop\MyWay\vcproj-10\txt-converter-char\Debug\mt.write.1.tlog
C:\Users\Administrator\Desktop\MyWay\vcproj-10\txt-converter-char\Debug\rc.command.1.tlog
C:\Users\Administrator\Desktop\MyWay\vcproj-10\txt-converter-char\Debug\rc.read.1.tlog
C:\Users\Administrator\Desktop\MyWay\vcproj-10\txt-converter-char\Debug\rc.write.1.tlog
C:\USERS\ADMINISTRATOR\DESKTOP\MYWAY\VCPROJ-10\TXT-CONVERTER-CHAR\DEBUG\SHOWMSG.OBJ
C:\USERS\ADMINISTRATOR\DESKTOP\MYWAY\VCPROJ-10\TXT-CONVERTER-CHAR\DEBUG\SQL.OBJ
C:\USERS\ADMINISTRATOR\DESKTOP\MYWAY\VCPROJ-10\TXT-CONVERTER-CHAR\DEBUG\STRLIB.OBJ
C:\USERS\ADMINISTRATOR\DESKTOP\MYWAY\VCPROJ-10\TXT-CONVERTER-CHAR\DEBUG\TIMER.OBJ
C:\USERS\ADMINISTRATOR\DESKTOP\MYWAY\VCPROJ-10\TXT-CONVERTER-CHAR\DEBUG\UTILS.OBJ
C:\Users\Administrator\Desktop\MyWay\vcproj-10\txt-converter-char\Debug\vc100.idb
C:\USERS\ADMINISTRATOR\DESKTOP\MYWAY\VCPROJ-10\TXT-CONVERTER-CHAR\DEBUG\VC100.PDB
