..\login-server_sql.ilk
..\login-server_sql.pdb
D:\SERVER\MOCHARO\LOGIN-SERVER_SQL.EXE
D:\SERVER\MOCHARO\LOGIN-SERVER_SQL.ILK
D:\SERVER\MOCHARO\LOGIN-SERVER_SQL.PDB
D:\Server\mocharo\vcproj-10\..\login-server_sql.exe
D:\Server\mocharo\vcproj-10\login-server_sql\Debug\account_sql.obj
D:\Server\mocharo\vcproj-10\login-server_sql\Debug\CL.2104.read.1.tlog
D:\Server\mocharo\vcproj-10\login-server_sql\Debug\CL.2104.write.1.tlog
D:\Server\mocharo\vcproj-10\login-server_sql\Debug\CL.3036.read.1.tlog
D:\Server\mocharo\vcproj-10\login-server_sql\Debug\CL.3036.write.1.tlog
D:\Server\mocharo\vcproj-10\login-server_sql\Debug\CL.3572.read.1.tlog
D:\Server\mocharo\vcproj-10\login-server_sql\Debug\CL.3572.write.1.tlog
D:\Server\mocharo\vcproj-10\login-server_sql\Debug\CL.5428.read.1.tlog
D:\Server\mocharo\vcproj-10\login-server_sql\Debug\CL.5428.write.1.tlog
D:\Server\mocharo\vcproj-10\login-server_sql\Debug\CL.7280.read.1.tlog
D:\Server\mocharo\vcproj-10\login-server_sql\Debug\CL.7280.write.1.tlog
D:\Server\mocharo\vcproj-10\login-server_sql\Debug\CL.8680.read.1.tlog
D:\Server\mocharo\vcproj-10\login-server_sql\Debug\CL.8680.write.1.tlog
D:\Server\mocharo\vcproj-10\login-server_sql\Debug\CL.9136.read.1.tlog
D:\Server\mocharo\vcproj-10\login-server_sql\Debug\CL.9136.write.1.tlog
D:\Server\mocharo\vcproj-10\login-server_sql\Debug\CL.9408.read.1.tlog
D:\Server\mocharo\vcproj-10\login-server_sql\Debug\CL.9408.write.1.tlog
D:\Server\mocharo\vcproj-10\login-server_sql\Debug\cl.command.1.tlog
D:\Server\mocharo\vcproj-10\login-server_sql\Debug\CL.read.1.tlog
D:\Server\mocharo\vcproj-10\login-server_sql\Debug\cl.write.1.tlog
D:\Server\mocharo\vcproj-10\login-server_sql\Debug\core.obj
D:\Server\mocharo\vcproj-10\login-server_sql\Debug\db.obj
D:\Server\mocharo\vcproj-10\login-server_sql\Debug\ers.obj
D:\Server\mocharo\vcproj-10\login-server_sql\Debug\grammar.obj
D:\Server\mocharo\vcproj-10\login-server_sql\Debug\ipban_sql.obj
D:\Server\mocharo\vcproj-10\login-server_sql\Debug\libconfig.obj
D:\Server\mocharo\vcproj-10\login-server_sql\Debug\link.7708.read.1.tlog
D:\Server\mocharo\vcproj-10\login-server_sql\Debug\link.7708.write.1.tlog
D:\Server\mocharo\vcproj-10\login-server_sql\Debug\link.7708-cvtres.read.1.tlog
D:\Server\mocharo\vcproj-10\login-server_sql\Debug\link.7708-cvtres.write.1.tlog
D:\Server\mocharo\vcproj-10\login-server_sql\Debug\link.command.1.tlog
D:\Server\mocharo\vcproj-10\login-server_sql\Debug\link.read.1.tlog
D:\Server\mocharo\vcproj-10\login-server_sql\Debug\link.write.1.tlog
D:\Server\mocharo\vcproj-10\login-server_sql\Debug\link-cvtres.read.1.tlog
D:\Server\mocharo\vcproj-10\login-server_sql\Debug\link-cvtres.write.1.tlog
D:\Server\mocharo\vcproj-10\login-server_sql\Debug\login.obj
D:\Server\mocharo\vcproj-10\login-server_sql\Debug\loginlog_sql.obj
D:\SERVER\MOCHARO\VCPROJ-10\LOGIN-SERVER_SQL\DEBUG\LOGIN-SERVER_SQL.EXE.EMBED.MANIFEST
D:\SERVER\MOCHARO\VCPROJ-10\LOGIN-SERVER_SQL\DEBUG\LOGIN-SERVER_SQL.EXE.EMBED.MANIFEST.RES
D:\SERVER\MOCHARO\VCPROJ-10\LOGIN-SERVER_SQL\DEBUG\LOGIN-SERVER_SQL.EXE.INTERMEDIATE.MANIFEST
D:\Server\mocharo\vcproj-10\login-server_sql\Debug\login-server_sql_manifest.rc
D:\Server\mocharo\vcproj-10\login-server_sql\Debug\malloc.obj
D:\Server\mocharo\vcproj-10\login-server_sql\Debug\md5calc.obj
D:\Server\mocharo\vcproj-10\login-server_sql\Debug\mempool.obj
D:\Server\mocharo\vcproj-10\login-server_sql\Debug\mt.command.1.tlog
D:\Server\mocharo\vcproj-10\login-server_sql\Debug\mt.read.1.tlog
D:\Server\mocharo\vcproj-10\login-server_sql\Debug\mt.write.1.tlog
D:\Server\mocharo\vcproj-10\login-server_sql\Debug\mt19937ar.obj
D:\Server\mocharo\vcproj-10\login-server_sql\Debug\mutex.obj
D:\Server\mocharo\vcproj-10\login-server_sql\Debug\nullpo.obj
D:\Server\mocharo\vcproj-10\login-server_sql\Debug\raconf.obj
D:\Server\mocharo\vcproj-10\login-server_sql\Debug\random.obj
D:\Server\mocharo\vcproj-10\login-server_sql\Debug\rc.command.1.tlog
D:\Server\mocharo\vcproj-10\login-server_sql\Debug\rc.read.1.tlog
D:\Server\mocharo\vcproj-10\login-server_sql\Debug\rc.write.1.tlog
D:\Server\mocharo\vcproj-10\login-server_sql\Debug\scanctx.obj
D:\Server\mocharo\vcproj-10\login-server_sql\Debug\scanner.obj
D:\Server\mocharo\vcproj-10\login-server_sql\Debug\showmsg.obj
D:\Server\mocharo\vcproj-10\login-server_sql\Debug\socket.obj
D:\Server\mocharo\vcproj-10\login-server_sql\Debug\sql.obj
D:\Server\mocharo\vcproj-10\login-server_sql\Debug\strbuf.obj
D:\Server\mocharo\vcproj-10\login-server_sql\Debug\strlib.obj
D:\Server\mocharo\vcproj-10\login-server_sql\Debug\thread.obj
D:\Server\mocharo\vcproj-10\login-server_sql\Debug\timer.obj
D:\Server\mocharo\vcproj-10\login-server_sql\Debug\utils.obj
D:\Server\mocharo\vcproj-10\login-server_sql\Debug\vc100.idb
D:\SERVER\MOCHARO\VCPROJ-10\LOGIN-SERVER_SQL\DEBUG\VC100.PDB
