  grammar.c
  libconfig.c
  scanctx.c
  scanner.c
  strbuf.c
  mempool.c
  mutex.c
  raconf.c
  thread.c
  account_sql.c
  ipban_sql.c
  login.c
  loginlog_sql.c
  core.c
  db.c
  ers.c
  malloc.c
  md5calc.c
c:\mocharo\src\common\malloc.c : warning C4819: The file contains a character that cannot be represented in the current code page (874). Save the file in Unicode format to prevent data loss
  nullpo.c
c:\mocharo\src\common\nullpo.c : warning C4819: The file contains a character that cannot be represented in the current code page (874). Save the file in Unicode format to prevent data loss
  random.c
c:\mocharo\src\common\nullpo.h : warning C4819: The file contains a character that cannot be represented in the current code page (874). Save the file in Unicode format to prevent data loss (..\src\common\nullpo.c)
  showmsg.c
  socket.c
  sql.c
  strlib.c
  timer.c
  utils.c
  cli.c
  msg_conf.c
  mt19937ar.c
  login-server_sql.vcxproj -> C:\mocharo\vcproj-12\..\login-server_sql.exe
