..\char-server.ilk
..\char-server.pdb
C:\USERS\ADMINISTRATOR\DESKTOP\XTREAM\CHAR-SERVER.EXE
C:\USERS\ADMINISTRATOR\DESKTOP\XTREAM\CHAR-SERVER.ILK
C:\USERS\ADMINISTRATOR\DESKTOP\XTREAM\CHAR-SERVER.PDB
C:\Users\Administrator\Desktop\XTream\vcproj-10\..\char-server.exe
C:\USERS\ADMINISTRATOR\DESKTOP\XTREAM\VCPROJ-10\CHAR-SERVER_TXT\DEBUG\CHAR.OBJ
C:\USERS\ADMINISTRATOR\DESKTOP\XTREAM\VCPROJ-10\CHAR-SERVER_TXT\DEBUG\CHAR-SERVER.EXE.EMBED.MANIFEST
C:\USERS\ADMINISTRATOR\DESKTOP\XTREAM\VCPROJ-10\CHAR-SERVER_TXT\DEBUG\CHAR-SERVER.EXE.EMBED.MANIFEST.RES
C:\USERS\ADMINISTRATOR\DESKTOP\XTREAM\VCPROJ-10\CHAR-SERVER_TXT\DEBUG\CHAR-SERVER.EXE.INTERMEDIATE.MANIFEST
C:\Users\Administrator\Desktop\XTream\vcproj-10\char-server_txt\Debug\char-server_manifest.rc
C:\Users\Administrator\Desktop\XTream\vcproj-10\char-server_txt\Debug\cl.command.1.tlog
C:\Users\Administrator\Desktop\XTream\vcproj-10\char-server_txt\Debug\CL.read.1.tlog
C:\Users\Administrator\Desktop\XTream\vcproj-10\char-server_txt\Debug\CL.write.1.tlog
C:\USERS\ADMINISTRATOR\DESKTOP\XTREAM\VCPROJ-10\CHAR-SERVER_TXT\DEBUG\CORE.OBJ
C:\USERS\ADMINISTRATOR\DESKTOP\XTREAM\VCPROJ-10\CHAR-SERVER_TXT\DEBUG\DB.OBJ
C:\USERS\ADMINISTRATOR\DESKTOP\XTREAM\VCPROJ-10\CHAR-SERVER_TXT\DEBUG\ERS.OBJ
C:\USERS\ADMINISTRATOR\DESKTOP\XTREAM\VCPROJ-10\CHAR-SERVER_TXT\DEBUG\INT_GUILD.OBJ
C:\USERS\ADMINISTRATOR\DESKTOP\XTREAM\VCPROJ-10\CHAR-SERVER_TXT\DEBUG\INT_HOMUN.OBJ
C:\USERS\ADMINISTRATOR\DESKTOP\XTREAM\VCPROJ-10\CHAR-SERVER_TXT\DEBUG\INT_PARTY.OBJ
C:\USERS\ADMINISTRATOR\DESKTOP\XTREAM\VCPROJ-10\CHAR-SERVER_TXT\DEBUG\INT_PET.OBJ
C:\USERS\ADMINISTRATOR\DESKTOP\XTREAM\VCPROJ-10\CHAR-SERVER_TXT\DEBUG\INT_STATUS.OBJ
C:\USERS\ADMINISTRATOR\DESKTOP\XTREAM\VCPROJ-10\CHAR-SERVER_TXT\DEBUG\INT_STORAGE.OBJ
C:\USERS\ADMINISTRATOR\DESKTOP\XTREAM\VCPROJ-10\CHAR-SERVER_TXT\DEBUG\INTER.OBJ
C:\Users\Administrator\Desktop\XTream\vcproj-10\char-server_txt\Debug\link.8500.read.1.tlog
C:\Users\Administrator\Desktop\XTream\vcproj-10\char-server_txt\Debug\link.8500.write.1.tlog
C:\Users\Administrator\Desktop\XTream\vcproj-10\char-server_txt\Debug\link.8500-cvtres.read.1.tlog
C:\Users\Administrator\Desktop\XTream\vcproj-10\char-server_txt\Debug\link.8500-cvtres.write.1.tlog
C:\Users\Administrator\Desktop\XTream\vcproj-10\char-server_txt\Debug\link.command.1.tlog
C:\Users\Administrator\Desktop\XTream\vcproj-10\char-server_txt\Debug\link.read.1.tlog
C:\Users\Administrator\Desktop\XTream\vcproj-10\char-server_txt\Debug\link.write.1.tlog
C:\Users\Administrator\Desktop\XTream\vcproj-10\char-server_txt\Debug\link-cvtres.read.1.tlog
C:\Users\Administrator\Desktop\XTream\vcproj-10\char-server_txt\Debug\link-cvtres.write.1.tlog
C:\USERS\ADMINISTRATOR\DESKTOP\XTREAM\VCPROJ-10\CHAR-SERVER_TXT\DEBUG\LOCK.OBJ
C:\USERS\ADMINISTRATOR\DESKTOP\XTREAM\VCPROJ-10\CHAR-SERVER_TXT\DEBUG\MALLOC.OBJ
C:\USERS\ADMINISTRATOR\DESKTOP\XTREAM\VCPROJ-10\CHAR-SERVER_TXT\DEBUG\MAPINDEX.OBJ
C:\Users\Administrator\Desktop\XTream\vcproj-10\char-server_txt\Debug\mt.command.1.tlog
C:\Users\Administrator\Desktop\XTream\vcproj-10\char-server_txt\Debug\mt.read.1.tlog
C:\Users\Administrator\Desktop\XTream\vcproj-10\char-server_txt\Debug\mt.write.1.tlog
C:\USERS\ADMINISTRATOR\DESKTOP\XTREAM\VCPROJ-10\CHAR-SERVER_TXT\DEBUG\NULLPO.OBJ
C:\USERS\ADMINISTRATOR\DESKTOP\XTREAM\VCPROJ-10\CHAR-SERVER_TXT\DEBUG\PLUGINS.OBJ
C:\Users\Administrator\Desktop\XTream\vcproj-10\char-server_txt\Debug\rc.command.1.tlog
C:\Users\Administrator\Desktop\XTream\vcproj-10\char-server_txt\Debug\rc.read.1.tlog
C:\Users\Administrator\Desktop\XTream\vcproj-10\char-server_txt\Debug\rc.write.1.tlog
C:\USERS\ADMINISTRATOR\DESKTOP\XTREAM\VCPROJ-10\CHAR-SERVER_TXT\DEBUG\SHOWMSG.OBJ
C:\USERS\ADMINISTRATOR\DESKTOP\XTREAM\VCPROJ-10\CHAR-SERVER_TXT\DEBUG\SOCKET.OBJ
C:\USERS\ADMINISTRATOR\DESKTOP\XTREAM\VCPROJ-10\CHAR-SERVER_TXT\DEBUG\STRLIB.OBJ
C:\USERS\ADMINISTRATOR\DESKTOP\XTREAM\VCPROJ-10\CHAR-SERVER_TXT\DEBUG\TIMER.OBJ
C:\USERS\ADMINISTRATOR\DESKTOP\XTREAM\VCPROJ-10\CHAR-SERVER_TXT\DEBUG\UTILS.OBJ
C:\Users\Administrator\Desktop\XTream\vcproj-10\char-server_txt\Debug\vc100.idb
C:\USERS\ADMINISTRATOR\DESKTOP\XTREAM\VCPROJ-10\CHAR-SERVER_TXT\DEBUG\VC100.PDB
