C:\MOCHARO\VCPROJ-12\MAP-SERVER_SQL\DEBUG\GRAMMAR.OBJ
C:\MOCHARO\VCPROJ-12\MAP-SERVER_SQL\DEBUG\LIBCONFIG.OBJ
C:\MOCHARO\VCPROJ-12\MAP-SERVER_SQL\DEBUG\SCANCTX.OBJ
C:\MOCHARO\VCPROJ-12\MAP-SERVER_SQL\DEBUG\SCANNER.OBJ
C:\MOCHARO\VCPROJ-12\MAP-SERVER_SQL\DEBUG\STRBUF.OBJ
C:\MOCHARO\VCPROJ-12\MAP-SERVER_SQL\DEBUG\MT19937AR.OBJ
C:\MOCHARO\VCPROJ-12\MAP-SERVER_SQL\DEBUG\CONF.OBJ
C:\MOCHARO\VCPROJ-12\MAP-SERVER_SQL\DEBUG\CORE.OBJ
C:\MOCHARO\VCPROJ-12\MAP-SERVER_SQL\DEBUG\DB.OBJ
C:\MOCHARO\VCPROJ-12\MAP-SERVER_SQL\DEBUG\DES.OBJ
C:\MOCHARO\VCPROJ-12\MAP-SERVER_SQL\DEBUG\ERS.OBJ
C:\MOCHARO\VCPROJ-12\MAP-SERVER_SQL\DEBUG\GRFIO.OBJ
C:\MOCHARO\VCPROJ-12\MAP-SERVER_SQL\DEBUG\MALLOC.OBJ
C:\MOCHARO\VCPROJ-12\MAP-SERVER_SQL\DEBUG\MAPINDEX.OBJ
C:\MOCHARO\VCPROJ-12\MAP-SERVER_SQL\DEBUG\MD5CALC.OBJ
C:\MOCHARO\VCPROJ-12\MAP-SERVER_SQL\DEBUG\MEMPOOL.OBJ
C:\MOCHARO\VCPROJ-12\MAP-SERVER_SQL\DEBUG\MUTEX.OBJ
C:\MOCHARO\VCPROJ-12\MAP-SERVER_SQL\DEBUG\NULLPO.OBJ
C:\MOCHARO\VCPROJ-12\MAP-SERVER_SQL\DEBUG\RACONF.OBJ
C:\MOCHARO\VCPROJ-12\MAP-SERVER_SQL\DEBUG\RANDOM.OBJ
C:\MOCHARO\VCPROJ-12\MAP-SERVER_SQL\DEBUG\SHOWMSG.OBJ
C:\MOCHARO\VCPROJ-12\MAP-SERVER_SQL\DEBUG\SOCKET.OBJ
C:\MOCHARO\VCPROJ-12\MAP-SERVER_SQL\DEBUG\SQL.OBJ
C:\MOCHARO\VCPROJ-12\MAP-SERVER_SQL\DEBUG\STRLIB.OBJ
C:\MOCHARO\VCPROJ-12\MAP-SERVER_SQL\DEBUG\THREAD.OBJ
C:\MOCHARO\VCPROJ-12\MAP-SERVER_SQL\DEBUG\TIMER.OBJ
C:\MOCHARO\VCPROJ-12\MAP-SERVER_SQL\DEBUG\UTILS.OBJ
C:\MOCHARO\VCPROJ-12\MAP-SERVER_SQL\DEBUG\CLI.OBJ
C:\MOCHARO\VCPROJ-12\MAP-SERVER_SQL\DEBUG\MSG_CONF.OBJ
C:\MOCHARO\VCPROJ-12\MAP-SERVER_SQL\DEBUG\DATE.OBJ
C:\MOCHARO\VCPROJ-12\MAP-SERVER_SQL\DEBUG\MAPREG_SQL.OBJ
C:\mocharo\vcproj-12\map-server_sql\Debug\cli.obj
C:\mocharo\vcproj-12\map-server_sql\Debug\conf.obj
C:\mocharo\vcproj-12\map-server_sql\Debug\core.obj
C:\mocharo\vcproj-12\map-server_sql\Debug\date.obj
C:\mocharo\vcproj-12\map-server_sql\Debug\db.obj
C:\mocharo\vcproj-12\map-server_sql\Debug\des.obj
C:\mocharo\vcproj-12\map-server_sql\Debug\ers.obj
C:\mocharo\vcproj-12\map-server_sql\Debug\grammar.obj
C:\mocharo\vcproj-12\map-server_sql\Debug\grfio.obj
C:\mocharo\vcproj-12\map-server_sql\Debug\libconfig.obj
C:\mocharo\vcproj-12\map-server_sql\Debug\malloc.obj
C:\mocharo\vcproj-12\map-server_sql\Debug\mapindex.obj
C:\mocharo\vcproj-12\map-server_sql\Debug\mapreg_sql.obj
C:\mocharo\vcproj-12\map-server_sql\Debug\md5calc.obj
C:\mocharo\vcproj-12\map-server_sql\Debug\mempool.obj
C:\mocharo\vcproj-12\map-server_sql\Debug\msg_conf.obj
C:\mocharo\vcproj-12\map-server_sql\Debug\mt19937ar.obj
C:\mocharo\vcproj-12\map-server_sql\Debug\mutex.obj
C:\mocharo\vcproj-12\map-server_sql\Debug\nullpo.obj
C:\mocharo\vcproj-12\map-server_sql\Debug\raconf.obj
C:\mocharo\vcproj-12\map-server_sql\Debug\random.obj
C:\mocharo\vcproj-12\map-server_sql\Debug\scanctx.obj
C:\mocharo\vcproj-12\map-server_sql\Debug\scanner.obj
C:\mocharo\vcproj-12\map-server_sql\Debug\showmsg.obj
C:\mocharo\vcproj-12\map-server_sql\Debug\socket.obj
C:\mocharo\vcproj-12\map-server_sql\Debug\sql.obj
C:\mocharo\vcproj-12\map-server_sql\Debug\strbuf.obj
C:\mocharo\vcproj-12\map-server_sql\Debug\strlib.obj
C:\mocharo\vcproj-12\map-server_sql\Debug\thread.obj
C:\mocharo\vcproj-12\map-server_sql\Debug\timer.obj
C:\mocharo\vcproj-12\map-server_sql\Debug\utils.obj
C:\mocharo\vcproj-12\map-server_sql\Debug\CL.7500.read.1.tlog
C:\mocharo\vcproj-12\map-server_sql\Debug\CL.7500.write.1.tlog
C:\mocharo\vcproj-12\map-server_sql\Debug\CL.8112.read.1.tlog
C:\mocharo\vcproj-12\map-server_sql\Debug\CL.8112.write.1.tlog
C:\mocharo\vcproj-12\map-server_sql\Debug\cl.command.1.tlog
C:\mocharo\vcproj-12\map-server_sql\Debug\CL.read.1.tlog
C:\mocharo\vcproj-12\map-server_sql\Debug\cl.write.1.tlog
C:\mocharo\vcproj-12\map-server_sql\Debug\vc110.idb
C:\mocharo\vcproj-12\map-server_sql\Debug\vc110.pdb
