..\char-server_sql.ilk
..\char-server_sql.pdb
D:\SERVER\MOCHARO\CHAR-SERVER_SQL.EXE
D:\SERVER\MOCHARO\CHAR-SERVER_SQL.ILK
D:\SERVER\MOCHARO\CHAR-SERVER_SQL.PDB
D:\Server\mocharo\vcproj-10\..\char-server_sql.exe
D:\Server\mocharo\vcproj-10\char-server_sql\Debug\char.obj
D:\SERVER\MOCHARO\VCPROJ-10\CHAR-SERVER_SQL\DEBUG\CHAR-SERVER_SQL.EXE.EMBED.MANIFEST
D:\SERVER\MOCHARO\VCPROJ-10\CHAR-SERVER_SQL\DEBUG\CHAR-SERVER_SQL.EXE.EMBED.MANIFEST.RES
D:\SERVER\MOCHARO\VCPROJ-10\CHAR-SERVER_SQL\DEBUG\CHAR-SERVER_SQL.EXE.INTERMEDIATE.MANIFEST
D:\Server\mocharo\vcproj-10\char-server_sql\Debug\char-server_sql_manifest.rc
D:\Server\mocharo\vcproj-10\char-server_sql\Debug\CL.1432.read.1.tlog
D:\Server\mocharo\vcproj-10\char-server_sql\Debug\CL.1432.write.1.tlog
D:\Server\mocharo\vcproj-10\char-server_sql\Debug\CL.1844.read.1.tlog
D:\Server\mocharo\vcproj-10\char-server_sql\Debug\CL.1844.write.1.tlog
D:\Server\mocharo\vcproj-10\char-server_sql\Debug\CL.6800.read.1.tlog
D:\Server\mocharo\vcproj-10\char-server_sql\Debug\CL.6800.write.1.tlog
D:\Server\mocharo\vcproj-10\char-server_sql\Debug\CL.7724.read.1.tlog
D:\Server\mocharo\vcproj-10\char-server_sql\Debug\CL.7724.write.1.tlog
D:\Server\mocharo\vcproj-10\char-server_sql\Debug\CL.7836.read.1.tlog
D:\Server\mocharo\vcproj-10\char-server_sql\Debug\CL.7836.write.1.tlog
D:\Server\mocharo\vcproj-10\char-server_sql\Debug\CL.7976.read.1.tlog
D:\Server\mocharo\vcproj-10\char-server_sql\Debug\CL.7976.write.1.tlog
D:\Server\mocharo\vcproj-10\char-server_sql\Debug\CL.8772.read.1.tlog
D:\Server\mocharo\vcproj-10\char-server_sql\Debug\CL.8772.write.1.tlog
D:\Server\mocharo\vcproj-10\char-server_sql\Debug\CL.9980.read.1.tlog
D:\Server\mocharo\vcproj-10\char-server_sql\Debug\CL.9980.write.1.tlog
D:\Server\mocharo\vcproj-10\char-server_sql\Debug\cl.command.1.tlog
D:\Server\mocharo\vcproj-10\char-server_sql\Debug\CL.read.1.tlog
D:\Server\mocharo\vcproj-10\char-server_sql\Debug\cl.write.1.tlog
D:\Server\mocharo\vcproj-10\char-server_sql\Debug\core.obj
D:\Server\mocharo\vcproj-10\char-server_sql\Debug\db.obj
D:\Server\mocharo\vcproj-10\char-server_sql\Debug\ers.obj
D:\Server\mocharo\vcproj-10\char-server_sql\Debug\grammar.obj
D:\Server\mocharo\vcproj-10\char-server_sql\Debug\int_auction.obj
D:\Server\mocharo\vcproj-10\char-server_sql\Debug\int_elemental.obj
D:\Server\mocharo\vcproj-10\char-server_sql\Debug\int_guild.obj
D:\Server\mocharo\vcproj-10\char-server_sql\Debug\int_homun.obj
D:\Server\mocharo\vcproj-10\char-server_sql\Debug\int_mail.obj
D:\Server\mocharo\vcproj-10\char-server_sql\Debug\int_mercenary.obj
D:\Server\mocharo\vcproj-10\char-server_sql\Debug\int_party.obj
D:\Server\mocharo\vcproj-10\char-server_sql\Debug\int_pet.obj
D:\Server\mocharo\vcproj-10\char-server_sql\Debug\int_quest.obj
D:\Server\mocharo\vcproj-10\char-server_sql\Debug\int_storage.obj
D:\Server\mocharo\vcproj-10\char-server_sql\Debug\inter.obj
D:\Server\mocharo\vcproj-10\char-server_sql\Debug\libconfig.obj
D:\Server\mocharo\vcproj-10\char-server_sql\Debug\link.9072.read.1.tlog
D:\Server\mocharo\vcproj-10\char-server_sql\Debug\link.9072.write.1.tlog
D:\Server\mocharo\vcproj-10\char-server_sql\Debug\link.9072-cvtres.read.1.tlog
D:\Server\mocharo\vcproj-10\char-server_sql\Debug\link.9072-cvtres.write.1.tlog
D:\Server\mocharo\vcproj-10\char-server_sql\Debug\link.command.1.tlog
D:\Server\mocharo\vcproj-10\char-server_sql\Debug\link.read.1.tlog
D:\Server\mocharo\vcproj-10\char-server_sql\Debug\link.write.1.tlog
D:\Server\mocharo\vcproj-10\char-server_sql\Debug\link-cvtres.read.1.tlog
D:\Server\mocharo\vcproj-10\char-server_sql\Debug\link-cvtres.write.1.tlog
D:\Server\mocharo\vcproj-10\char-server_sql\Debug\malloc.obj
D:\Server\mocharo\vcproj-10\char-server_sql\Debug\mapindex.obj
D:\Server\mocharo\vcproj-10\char-server_sql\Debug\mempool.obj
D:\Server\mocharo\vcproj-10\char-server_sql\Debug\mt.command.1.tlog
D:\Server\mocharo\vcproj-10\char-server_sql\Debug\mt.read.1.tlog
D:\Server\mocharo\vcproj-10\char-server_sql\Debug\mt.write.1.tlog
D:\Server\mocharo\vcproj-10\char-server_sql\Debug\mt19937ar.obj
D:\Server\mocharo\vcproj-10\char-server_sql\Debug\mutex.obj
D:\Server\mocharo\vcproj-10\char-server_sql\Debug\nullpo.obj
D:\Server\mocharo\vcproj-10\char-server_sql\Debug\raconf.obj
D:\Server\mocharo\vcproj-10\char-server_sql\Debug\random.obj
D:\Server\mocharo\vcproj-10\char-server_sql\Debug\rc.command.1.tlog
D:\Server\mocharo\vcproj-10\char-server_sql\Debug\rc.read.1.tlog
D:\Server\mocharo\vcproj-10\char-server_sql\Debug\rc.write.1.tlog
D:\Server\mocharo\vcproj-10\char-server_sql\Debug\scanctx.obj
D:\Server\mocharo\vcproj-10\char-server_sql\Debug\scanner.obj
D:\Server\mocharo\vcproj-10\char-server_sql\Debug\showmsg.obj
D:\Server\mocharo\vcproj-10\char-server_sql\Debug\socket.obj
D:\Server\mocharo\vcproj-10\char-server_sql\Debug\sql.obj
D:\Server\mocharo\vcproj-10\char-server_sql\Debug\strbuf.obj
D:\Server\mocharo\vcproj-10\char-server_sql\Debug\strlib.obj
D:\Server\mocharo\vcproj-10\char-server_sql\Debug\thread.obj
D:\Server\mocharo\vcproj-10\char-server_sql\Debug\timer.obj
D:\Server\mocharo\vcproj-10\char-server_sql\Debug\utils.obj
D:\Server\mocharo\vcproj-10\char-server_sql\Debug\vc100.idb
D:\SERVER\MOCHARO\VCPROJ-10\CHAR-SERVER_SQL\DEBUG\VC100.PDB
