..\tools\login-converter.ilk
..\tools\login-converter.pdb
C:\USERS\ADMINISTRATOR\DESKTOP\XTREAM\TOOLS\LOGIN-CONVERTER.EXE
C:\USERS\ADMINISTRATOR\DESKTOP\XTREAM\TOOLS\LOGIN-CONVERTER.ILK
C:\USERS\ADMINISTRATOR\DESKTOP\XTREAM\TOOLS\LOGIN-CONVERTER.PDB
C:\Users\Administrator\Desktop\XTream\vcproj-10\..\tools\login-converter.exe
C:\USERS\ADMINISTRATOR\DESKTOP\XTREAM\VCPROJ-10\TXT-CONVERTER-LOGIN\DEBUG\ACCOUNT_SQL.OBJ
C:\USERS\ADMINISTRATOR\DESKTOP\XTREAM\VCPROJ-10\TXT-CONVERTER-LOGIN\DEBUG\ACCOUNT_TXT.OBJ
C:\Users\Administrator\Desktop\XTream\vcproj-10\txt-converter-login\Debug\cl.command.1.tlog
C:\Users\Administrator\Desktop\XTream\vcproj-10\txt-converter-login\Debug\CL.read.1.tlog
C:\Users\Administrator\Desktop\XTream\vcproj-10\txt-converter-login\Debug\CL.write.1.tlog
C:\USERS\ADMINISTRATOR\DESKTOP\XTREAM\VCPROJ-10\TXT-CONVERTER-LOGIN\DEBUG\CORE.OBJ
C:\USERS\ADMINISTRATOR\DESKTOP\XTREAM\VCPROJ-10\TXT-CONVERTER-LOGIN\DEBUG\DB.OBJ
C:\USERS\ADMINISTRATOR\DESKTOP\XTREAM\VCPROJ-10\TXT-CONVERTER-LOGIN\DEBUG\ERS.OBJ
C:\Users\Administrator\Desktop\XTream\vcproj-10\txt-converter-login\Debug\link.5940.read.1.tlog
C:\Users\Administrator\Desktop\XTream\vcproj-10\txt-converter-login\Debug\link.5940.write.1.tlog
C:\Users\Administrator\Desktop\XTream\vcproj-10\txt-converter-login\Debug\link.5940-cvtres.read.1.tlog
C:\Users\Administrator\Desktop\XTream\vcproj-10\txt-converter-login\Debug\link.5940-cvtres.write.1.tlog
C:\Users\Administrator\Desktop\XTream\vcproj-10\txt-converter-login\Debug\link.command.1.tlog
C:\Users\Administrator\Desktop\XTream\vcproj-10\txt-converter-login\Debug\link.read.1.tlog
C:\Users\Administrator\Desktop\XTream\vcproj-10\txt-converter-login\Debug\link.write.1.tlog
C:\Users\Administrator\Desktop\XTream\vcproj-10\txt-converter-login\Debug\link-cvtres.read.1.tlog
C:\Users\Administrator\Desktop\XTream\vcproj-10\txt-converter-login\Debug\link-cvtres.write.1.tlog
C:\USERS\ADMINISTRATOR\DESKTOP\XTREAM\VCPROJ-10\TXT-CONVERTER-LOGIN\DEBUG\LOCK.OBJ
C:\USERS\ADMINISTRATOR\DESKTOP\XTREAM\VCPROJ-10\TXT-CONVERTER-LOGIN\DEBUG\LOGIN-CONVERTER.EXE.EMBED.MANIFEST
C:\USERS\ADMINISTRATOR\DESKTOP\XTREAM\VCPROJ-10\TXT-CONVERTER-LOGIN\DEBUG\LOGIN-CONVERTER.EXE.EMBED.MANIFEST.RES
C:\USERS\ADMINISTRATOR\DESKTOP\XTREAM\VCPROJ-10\TXT-CONVERTER-LOGIN\DEBUG\LOGIN-CONVERTER.EXE.INTERMEDIATE.MANIFEST
C:\USERS\ADMINISTRATOR\DESKTOP\XTREAM\VCPROJ-10\TXT-CONVERTER-LOGIN\DEBUG\LOGIN-CONVERTER.OBJ
C:\Users\Administrator\Desktop\XTream\vcproj-10\txt-converter-login\Debug\login-converter_manifest.rc
C:\USERS\ADMINISTRATOR\DESKTOP\XTREAM\VCPROJ-10\TXT-CONVERTER-LOGIN\DEBUG\MALLOC.OBJ
C:\Users\Administrator\Desktop\XTream\vcproj-10\txt-converter-login\Debug\mt.command.1.tlog
C:\Users\Administrator\Desktop\XTream\vcproj-10\txt-converter-login\Debug\mt.read.1.tlog
C:\Users\Administrator\Desktop\XTream\vcproj-10\txt-converter-login\Debug\mt.write.1.tlog
C:\Users\Administrator\Desktop\XTream\vcproj-10\txt-converter-login\Debug\rc.command.1.tlog
C:\Users\Administrator\Desktop\XTream\vcproj-10\txt-converter-login\Debug\rc.read.1.tlog
C:\Users\Administrator\Desktop\XTream\vcproj-10\txt-converter-login\Debug\rc.write.1.tlog
C:\USERS\ADMINISTRATOR\DESKTOP\XTREAM\VCPROJ-10\TXT-CONVERTER-LOGIN\DEBUG\SHOWMSG.OBJ
C:\USERS\ADMINISTRATOR\DESKTOP\XTREAM\VCPROJ-10\TXT-CONVERTER-LOGIN\DEBUG\SQL.OBJ
C:\USERS\ADMINISTRATOR\DESKTOP\XTREAM\VCPROJ-10\TXT-CONVERTER-LOGIN\DEBUG\STRLIB.OBJ
C:\USERS\ADMINISTRATOR\DESKTOP\XTREAM\VCPROJ-10\TXT-CONVERTER-LOGIN\DEBUG\TIMER.OBJ
C:\USERS\ADMINISTRATOR\DESKTOP\XTREAM\VCPROJ-10\TXT-CONVERTER-LOGIN\DEBUG\UTILS.OBJ
C:\Users\Administrator\Desktop\XTream\vcproj-10\txt-converter-login\Debug\vc100.idb
C:\USERS\ADMINISTRATOR\DESKTOP\XTREAM\VCPROJ-10\TXT-CONVERTER-LOGIN\DEBUG\VC100.PDB
