..\map-server.pdb
C:\USERS\ADMINISTRATOR\DESKTOP\MYWAY\VCPROJ-10\MAP-SERVER_TXT\DEBUG\ATCOMMAND.OBJ
C:\USERS\ADMINISTRATOR\DESKTOP\MYWAY\VCPROJ-10\MAP-SERVER_TXT\DEBUG\BATTLE.OBJ
C:\USERS\ADMINISTRATOR\DESKTOP\MYWAY\VCPROJ-10\MAP-SERVER_TXT\DEBUG\BATTLEGROUND.OBJ
C:\USERS\ADMINISTRATOR\DESKTOP\MYWAY\VCPROJ-10\MAP-SERVER_TXT\DEBUG\BUYINGSTORE.OBJ
C:\USERS\ADMINISTRATOR\DESKTOP\MYWAY\VCPROJ-10\MAP-SERVER_TXT\DEBUG\CHAT.OBJ
C:\USERS\ADMINISTRATOR\DESKTOP\MYWAY\VCPROJ-10\MAP-SERVER_TXT\DEBUG\CHRIF.OBJ
C:\Users\Administrator\Desktop\MyWay\vcproj-10\map-server_txt\Debug\cl.command.1.tlog
C:\Users\Administrator\Desktop\MyWay\vcproj-10\map-server_txt\Debug\CL.read.1.tlog
C:\Users\Administrator\Desktop\MyWay\vcproj-10\map-server_txt\Debug\CL.write.1.tlog
C:\USERS\ADMINISTRATOR\DESKTOP\MYWAY\VCPROJ-10\MAP-SERVER_TXT\DEBUG\CLIF.OBJ
C:\USERS\ADMINISTRATOR\DESKTOP\MYWAY\VCPROJ-10\MAP-SERVER_TXT\DEBUG\CORE.OBJ
C:\USERS\ADMINISTRATOR\DESKTOP\MYWAY\VCPROJ-10\MAP-SERVER_TXT\DEBUG\DATE.OBJ
C:\USERS\ADMINISTRATOR\DESKTOP\MYWAY\VCPROJ-10\MAP-SERVER_TXT\DEBUG\DB.OBJ
C:\USERS\ADMINISTRATOR\DESKTOP\MYWAY\VCPROJ-10\MAP-SERVER_TXT\DEBUG\DUEL.OBJ
C:\USERS\ADMINISTRATOR\DESKTOP\MYWAY\VCPROJ-10\MAP-SERVER_TXT\DEBUG\ELEMENTAL.OBJ
C:\USERS\ADMINISTRATOR\DESKTOP\MYWAY\VCPROJ-10\MAP-SERVER_TXT\DEBUG\ERS.OBJ
C:\USERS\ADMINISTRATOR\DESKTOP\MYWAY\VCPROJ-10\MAP-SERVER_TXT\DEBUG\GRFIO.OBJ
C:\USERS\ADMINISTRATOR\DESKTOP\MYWAY\VCPROJ-10\MAP-SERVER_TXT\DEBUG\GUILD.OBJ
C:\USERS\ADMINISTRATOR\DESKTOP\MYWAY\VCPROJ-10\MAP-SERVER_TXT\DEBUG\HOMUNCULUS.OBJ
C:\USERS\ADMINISTRATOR\DESKTOP\MYWAY\VCPROJ-10\MAP-SERVER_TXT\DEBUG\INSTANCE.OBJ
C:\USERS\ADMINISTRATOR\DESKTOP\MYWAY\VCPROJ-10\MAP-SERVER_TXT\DEBUG\INTIF.OBJ
C:\USERS\ADMINISTRATOR\DESKTOP\MYWAY\VCPROJ-10\MAP-SERVER_TXT\DEBUG\ITEMDB.OBJ
C:\Users\Administrator\Desktop\MyWay\vcproj-10\map-server_txt\Debug\link.command.1.tlog
C:\Users\Administrator\Desktop\MyWay\vcproj-10\map-server_txt\Debug\link.read.1.tlog
C:\Users\Administrator\Desktop\MyWay\vcproj-10\map-server_txt\Debug\link.write.1.tlog
C:\Users\Administrator\Desktop\MyWay\vcproj-10\map-server_txt\Debug\link-cvtres.read.1.tlog
C:\Users\Administrator\Desktop\MyWay\vcproj-10\map-server_txt\Debug\link-cvtres.write.1.tlog
C:\USERS\ADMINISTRATOR\DESKTOP\MYWAY\VCPROJ-10\MAP-SERVER_TXT\DEBUG\LOCK.OBJ
C:\USERS\ADMINISTRATOR\DESKTOP\MYWAY\VCPROJ-10\MAP-SERVER_TXT\DEBUG\LOG.OBJ
C:\USERS\ADMINISTRATOR\DESKTOP\MYWAY\VCPROJ-10\MAP-SERVER_TXT\DEBUG\MAIL.OBJ
C:\USERS\ADMINISTRATOR\DESKTOP\MYWAY\VCPROJ-10\MAP-SERVER_TXT\DEBUG\MALLOC.OBJ
C:\USERS\ADMINISTRATOR\DESKTOP\MYWAY\VCPROJ-10\MAP-SERVER_TXT\DEBUG\MAP.OBJ
C:\USERS\ADMINISTRATOR\DESKTOP\MYWAY\VCPROJ-10\MAP-SERVER_TXT\DEBUG\MAPINDEX.OBJ
C:\USERS\ADMINISTRATOR\DESKTOP\MYWAY\VCPROJ-10\MAP-SERVER_TXT\DEBUG\MAPREG_TXT.OBJ
C:\Users\Administrator\Desktop\MyWay\vcproj-10\map-server_txt\Debug\map-server.exe.embed.manifest
C:\USERS\ADMINISTRATOR\DESKTOP\MYWAY\VCPROJ-10\MAP-SERVER_TXT\DEBUG\MAP-SERVER.EXE.EMBED.MANIFEST.RES
C:\Users\Administrator\Desktop\MyWay\vcproj-10\map-server_txt\Debug\map-server.exe.intermediate.manifest
C:\Users\Administrator\Desktop\MyWay\vcproj-10\map-server_txt\Debug\map-server_manifest.rc
C:\USERS\ADMINISTRATOR\DESKTOP\MYWAY\VCPROJ-10\MAP-SERVER_TXT\DEBUG\MD5CALC.OBJ
C:\USERS\ADMINISTRATOR\DESKTOP\MYWAY\VCPROJ-10\MAP-SERVER_TXT\DEBUG\MERCENARY.OBJ
C:\USERS\ADMINISTRATOR\DESKTOP\MYWAY\VCPROJ-10\MAP-SERVER_TXT\DEBUG\MOB.OBJ
C:\USERS\ADMINISTRATOR\DESKTOP\MYWAY\VCPROJ-10\MAP-SERVER_TXT\DEBUG\NPC.OBJ
C:\USERS\ADMINISTRATOR\DESKTOP\MYWAY\VCPROJ-10\MAP-SERVER_TXT\DEBUG\NPC_CHAT.OBJ
C:\USERS\ADMINISTRATOR\DESKTOP\MYWAY\VCPROJ-10\MAP-SERVER_TXT\DEBUG\NULLPO.OBJ
C:\USERS\ADMINISTRATOR\DESKTOP\MYWAY\VCPROJ-10\MAP-SERVER_TXT\DEBUG\PARTY.OBJ
C:\USERS\ADMINISTRATOR\DESKTOP\MYWAY\VCPROJ-10\MAP-SERVER_TXT\DEBUG\PATH.OBJ
C:\USERS\ADMINISTRATOR\DESKTOP\MYWAY\VCPROJ-10\MAP-SERVER_TXT\DEBUG\PC.OBJ
C:\USERS\ADMINISTRATOR\DESKTOP\MYWAY\VCPROJ-10\MAP-SERVER_TXT\DEBUG\PET.OBJ
C:\USERS\ADMINISTRATOR\DESKTOP\MYWAY\VCPROJ-10\MAP-SERVER_TXT\DEBUG\PLUGINS.OBJ
C:\USERS\ADMINISTRATOR\DESKTOP\MYWAY\VCPROJ-10\MAP-SERVER_TXT\DEBUG\QUEST.OBJ
C:\Users\Administrator\Desktop\MyWay\vcproj-10\map-server_txt\Debug\rc.command.1.tlog
C:\Users\Administrator\Desktop\MyWay\vcproj-10\map-server_txt\Debug\rc.read.1.tlog
C:\Users\Administrator\Desktop\MyWay\vcproj-10\map-server_txt\Debug\rc.write.1.tlog
C:\USERS\ADMINISTRATOR\DESKTOP\MYWAY\VCPROJ-10\MAP-SERVER_TXT\DEBUG\SCRIPT.OBJ
C:\USERS\ADMINISTRATOR\DESKTOP\MYWAY\VCPROJ-10\MAP-SERVER_TXT\DEBUG\SEARCHSTORE.OBJ
C:\USERS\ADMINISTRATOR\DESKTOP\MYWAY\VCPROJ-10\MAP-SERVER_TXT\DEBUG\SHOWMSG.OBJ
C:\USERS\ADMINISTRATOR\DESKTOP\MYWAY\VCPROJ-10\MAP-SERVER_TXT\DEBUG\SKILL.OBJ
C:\USERS\ADMINISTRATOR\DESKTOP\MYWAY\VCPROJ-10\MAP-SERVER_TXT\DEBUG\SOCKET.OBJ
C:\USERS\ADMINISTRATOR\DESKTOP\MYWAY\VCPROJ-10\MAP-SERVER_TXT\DEBUG\STATUS.OBJ
C:\USERS\ADMINISTRATOR\DESKTOP\MYWAY\VCPROJ-10\MAP-SERVER_TXT\DEBUG\STORAGE.OBJ
C:\USERS\ADMINISTRATOR\DESKTOP\MYWAY\VCPROJ-10\MAP-SERVER_TXT\DEBUG\STRLIB.OBJ
C:\USERS\ADMINISTRATOR\DESKTOP\MYWAY\VCPROJ-10\MAP-SERVER_TXT\DEBUG\TIMER.OBJ
C:\USERS\ADMINISTRATOR\DESKTOP\MYWAY\VCPROJ-10\MAP-SERVER_TXT\DEBUG\TRADE.OBJ
C:\USERS\ADMINISTRATOR\DESKTOP\MYWAY\VCPROJ-10\MAP-SERVER_TXT\DEBUG\UNIT.OBJ
C:\USERS\ADMINISTRATOR\DESKTOP\MYWAY\VCPROJ-10\MAP-SERVER_TXT\DEBUG\UTILS.OBJ
C:\Users\Administrator\Desktop\MyWay\vcproj-10\map-server_txt\Debug\vc100.idb
C:\USERS\ADMINISTRATOR\DESKTOP\MYWAY\VCPROJ-10\MAP-SERVER_TXT\DEBUG\VC100.PDB
C:\USERS\ADMINISTRATOR\DESKTOP\MYWAY\VCPROJ-10\MAP-SERVER_TXT\DEBUG\VENDING.OBJ
